Exception `Errno::ENOENT' at /home/euikook/.rvm/gems/ruby-2.6.0/gems/unicorn-5.7.0/lib/unicorn/http_server.rb:783 - No such file or directory @ rb_sysopen - ./log/unicorn.pid
I, [2020-10-22T14:54:26.276271 #16882]  INFO -- : listening on addr=0.0.0.0:9292 fd=10
I, [2020-10-22T14:54:26.276339 #16882]  INFO -- : worker=0 spawning...
I, [2020-10-22T14:54:26.276817 #16882]  INFO -- : worker=1 spawning...
I, [2020-10-22T14:54:26.277079 #16883]  INFO -- : worker=0 spawned pid=16883
I, [2020-10-22T14:54:26.277198 #16883]  INFO -- : Refreshing Gem list
I, [2020-10-22T14:54:26.277259 #16882]  INFO -- : master process ready
I, [2020-10-22T14:54:26.277507 #16884]  INFO -- : worker=1 spawned pid=16884
I, [2020-10-22T14:54:26.277600 #16884]  INFO -- : Refreshing Gem list
Using Ext extension for JSON.
Using Ext extension for JSON.
Exception `LoadError' at /home/euikook/.rvm/gems/ruby-2.6.0/gems/rugged-0.99.0/lib/rugged.rb:8 - cannot load such file -- rugged/2.6/rugged
Exception `LoadError' at /home/euikook/.rvm/gems/ruby-2.6.0/gems/rugged-0.99.0/lib/rugged.rb:8 - cannot load such file -- rugged/2.6/rugged
Exception `LoadError' at /home/euikook/.rvm/gems/ruby-2.6.0/gems/github-markup-3.0.4/lib/github/markup.rb:2 - cannot load such file -- linguist
Exception `LoadError' at /home/euikook/.rvm/gems/ruby-2.6.0/gems/github-markup-3.0.4/lib/github/markup.rb:2 - cannot load such file -- linguist
Exception `LoadError' at /home/euikook/.rvm/gems/ruby-2.6.0/gems/github-markup-3.0.4/lib/github/markup/command_implementation.rb:2 - cannot load such file -- posix-spawn
Exception `LoadError' at /home/euikook/.rvm/gems/ruby-2.6.0/gems/github-markup-3.0.4/lib/github/markup/command_implementation.rb:2 - cannot load such file -- posix-spawn
Exception `LoadError' at /home/euikook/.rvm/gems/ruby-2.6.0/gems/gemojione-4.3.3/lib/gemojione.rb:6 - cannot load such file -- escape_utils
Exception `LoadError' at /home/euikook/.rvm/gems/ruby-2.6.0/gems/gemojione-4.3.3/lib/gemojione.rb:6 - cannot load such file -- escape_utils
Exception `LoadError' at /home/euikook/.rvm/gems/ruby-2.6.0/gems/nokogiri-1.10.10/lib/nokogiri.rb:30 - cannot load such file -- nokogiri/2.6/nokogiri
Exception `LoadError' at /home/euikook/.rvm/gems/ruby-2.6.0/gems/nokogiri-1.10.10/lib/nokogiri.rb:30 - cannot load such file -- nokogiri/2.6/nokogiri
Exception `LoadError' at /home/euikook/.rvm/rubies/ruby-2.6.0/lib/ruby/2.6.0/psych.rb:14 - cannot load such file -- 2.6/psych.so
Exception `LoadError' at /home/euikook/.rvm/rubies/ruby-2.6.0/lib/ruby/2.6.0/psych.rb:14 - cannot load such file -- 2.6/psych.so
Exception `NameError' at /home/euikook/.rvm/rubies/ruby-2.6.0/lib/ruby/2.6.0/psych/class_loader.rb:68 - uninitialized constant BigDecimal
Exception `NameError' at /home/euikook/.rvm/rubies/ruby-2.6.0/lib/ruby/2.6.0/psych/class_loader.rb:68 - uninitialized constant BigDecimal
Exception `LoadError' at /home/euikook/.rvm/gems/ruby-2.6.0/gems/gollum-lib-5.0.6/lib/gollum-lib/markup.rb:10 - cannot load such file -- pygments
Exception `LoadError' at /home/euikook/.rvm/gems/ruby-2.6.0/gems/gollum-lib-5.0.6/lib/gollum-lib/markup.rb:10 - cannot load such file -- pygments
Exception `LoadError' at /home/euikook/.rvm/gems/ruby-2.6.0/gems/gollum-lib-5.0.6/lib/gollum-lib/filter/bibtex.rb:2 - cannot load such file -- bibtex
Exception `LoadError' at /home/euikook/.rvm/gems/ruby-2.6.0/gems/gollum-lib-5.0.6/lib/gollum-lib/filter/bibtex.rb:2 - cannot load such file -- bibtex
Exception `LoadError' at /home/euikook/.rvm/gems/ruby-2.6.0/gems/concurrent-ruby-1.1.7/lib/concurrent-ruby/concurrent/utility/native_extension_loader.rb:62 - cannot load such file -- concurrent/concurrent_ruby_ext
Exception `LoadError' at /home/euikook/.rvm/gems/ruby-2.6.0/gems/concurrent-ruby-1.1.7/lib/concurrent-ruby/concurrent/utility/native_extension_loader.rb:62 - cannot load such file -- concurrent/concurrent_ruby_ext
Exception `LoadError' at /home/euikook/.rvm/gems/ruby-2.6.0/gems/concurrent-ruby-1.1.7/lib/concurrent-ruby/concurrent/utility/native_extension_loader.rb:62 - cannot load such file -- concurrent/2.6/concurrent_ruby_ext
Exception `LoadError' at /home/euikook/.rvm/gems/ruby-2.6.0/gems/concurrent-ruby-1.1.7/lib/concurrent-ruby/concurrent/utility/native_extension_loader.rb:62 - cannot load such file -- concurrent/2.6/concurrent_ruby_ext
Exception `SyntaxError' at /home/euikook/.rvm/rubies/ruby-2.6.0/lib/ruby/2.6.0/forwardable/impl.rb:4 - <compiled>: syntax error, unexpected end-of-input
Exception `SyntaxError' at /home/euikook/.rvm/rubies/ruby-2.6.0/lib/ruby/2.6.0/forwardable/impl.rb:4 - <compiled>: syntax error, unexpected end-of-input
Exception `SyntaxError' at /home/euikook/.rvm/rubies/ruby-2.6.0/lib/ruby/2.6.0/forwardable/impl.rb:4 - <compiled>: syntax error, unexpected end-of-input
Exception `SyntaxError' at /home/euikook/.rvm/rubies/ruby-2.6.0/lib/ruby/2.6.0/forwardable/impl.rb:4 - <compiled>: syntax error, unexpected end-of-input
Exception `SyntaxError' at /home/euikook/.rvm/rubies/ruby-2.6.0/lib/ruby/2.6.0/forwardable/impl.rb:4 - <compiled>: syntax error, unexpected end-of-input
Exception `SyntaxError' at /home/euikook/.rvm/rubies/ruby-2.6.0/lib/ruby/2.6.0/forwardable/impl.rb:4 - <compiled>: syntax error, unexpected end-of-input
Exception `SyntaxError' at /home/euikook/.rvm/rubies/ruby-2.6.0/lib/ruby/2.6.0/forwardable/impl.rb:4 - <compiled>: syntax error, unexpected end-of-input
Exception `SyntaxError' at /home/euikook/.rvm/rubies/ruby-2.6.0/lib/ruby/2.6.0/forwardable/impl.rb:4 - <compiled>: syntax error, unexpected end-of-input
Exception `SyntaxError' at /home/euikook/.rvm/rubies/ruby-2.6.0/lib/ruby/2.6.0/forwardable/impl.rb:4 - <compiled>: syntax error, unexpected end-of-input
Exception `SyntaxError' at /home/euikook/.rvm/rubies/ruby-2.6.0/lib/ruby/2.6.0/forwardable/impl.rb:4 - <compiled>: syntax error, unexpected end-of-input
Exception `SyntaxError' at /home/euikook/.rvm/rubies/ruby-2.6.0/lib/ruby/2.6.0/forwardable/impl.rb:4 - <compiled>: syntax error, unexpected end-of-input
Exception `SyntaxError' at /home/euikook/.rvm/rubies/ruby-2.6.0/lib/ruby/2.6.0/forwardable/impl.rb:4 - <compiled>: syntax error, unexpected end-of-input
Exception `SyntaxError' at /home/euikook/.rvm/rubies/ruby-2.6.0/lib/ruby/2.6.0/forwardable/impl.rb:4 - <compiled>: syntax error, unexpected end-of-input
Exception `SyntaxError' at /home/euikook/.rvm/rubies/ruby-2.6.0/lib/ruby/2.6.0/forwardable/impl.rb:4 - <compiled>: syntax error, unexpected end-of-input
Exception `SyntaxError' at /home/euikook/.rvm/rubies/ruby-2.6.0/lib/ruby/2.6.0/forwardable/impl.rb:4 - <compiled>: syntax error, unexpected end-of-input
Exception `SyntaxError' at /home/euikook/.rvm/rubies/ruby-2.6.0/lib/ruby/2.6.0/forwardable/impl.rb:4 - <compiled>: syntax error, unexpected end-of-input
Exception `SyntaxError' at /home/euikook/.rvm/rubies/ruby-2.6.0/lib/ruby/2.6.0/forwardable/impl.rb:4 - <compiled>: syntax error, unexpected end-of-input
Exception `SyntaxError' at /home/euikook/.rvm/rubies/ruby-2.6.0/lib/ruby/2.6.0/forwardable/impl.rb:4 - <compiled>: syntax error, unexpected end-of-input
Exception `SyntaxError' at /home/euikook/.rvm/rubies/ruby-2.6.0/lib/ruby/2.6.0/forwardable/impl.rb:4 - <compiled>: syntax error, unexpected end-of-input
Exception `SyntaxError' at /home/euikook/.rvm/rubies/ruby-2.6.0/lib/ruby/2.6.0/forwardable/impl.rb:4 - <compiled>: syntax error, unexpected end-of-input
Exception `SyntaxError' at /home/euikook/.rvm/rubies/ruby-2.6.0/lib/ruby/2.6.0/forwardable/impl.rb:4 - <compiled>: syntax error, unexpected end-of-input
Exception `SyntaxError' at /home/euikook/.rvm/rubies/ruby-2.6.0/lib/ruby/2.6.0/forwardable/impl.rb:4 - <compiled>: syntax error, unexpected end-of-input
Exception `SyntaxError' at /home/euikook/.rvm/rubies/ruby-2.6.0/lib/ruby/2.6.0/forwardable/impl.rb:4 - <compiled>: syntax error, unexpected end-of-input
Exception `SyntaxError' at /home/euikook/.rvm/rubies/ruby-2.6.0/lib/ruby/2.6.0/forwardable/impl.rb:4 - <compiled>: syntax error, unexpected end-of-input
Exception `LoadError' at /home/euikook/.rvm/gems/ruby-2.6.0/gems/rss-0.2.9/lib/rss/xmlparser.rb:3 - cannot load such file -- xml/parser
Exception `LoadError' at /home/euikook/.rvm/gems/ruby-2.6.0/gems/rss-0.2.9/lib/rss/xmlparser.rb:3 - cannot load such file -- xml/parser
Exception `LoadError' at /home/euikook/.rvm/gems/ruby-2.6.0/gems/rss-0.2.9/lib/rss/xmlparser.rb:5 - cannot load such file -- xmlparser
Exception `LoadError' at /home/euikook/.rvm/gems/ruby-2.6.0/gems/rss-0.2.9/lib/rss/parser.rb:580 - cannot load such file -- xmlparser
Exception `LoadError' at /home/euikook/.rvm/gems/ruby-2.6.0/gems/rss-0.2.9/lib/rss/xmlparser.rb:5 - cannot load such file -- xmlparser
Exception `LoadError' at /home/euikook/.rvm/gems/ruby-2.6.0/gems/rss-0.2.9/lib/rss/parser.rb:580 - cannot load such file -- xmlparser
Exception `LoadError' at /home/euikook/.rvm/gems/ruby-2.6.0/gems/rss-0.2.9/lib/rss/xmlscanner.rb:2 - cannot load such file -- xmlscan/scanner
Exception `LoadError' at /home/euikook/.rvm/gems/ruby-2.6.0/gems/rss-0.2.9/lib/rss/parser.rb:580 - cannot load such file -- xmlscan/scanner
Exception `LoadError' at /home/euikook/.rvm/gems/ruby-2.6.0/gems/rss-0.2.9/lib/rss/xmlscanner.rb:2 - cannot load such file -- xmlscan/scanner
Exception `LoadError' at /home/euikook/.rvm/gems/ruby-2.6.0/gems/rss-0.2.9/lib/rss/parser.rb:580 - cannot load such file -- xmlscan/scanner
Exception `LoadError' at /home/euikook/.rvm/gems/ruby-2.6.0/gems/jwt-2.2.2/lib/jwt/signature.rb:12 - cannot load such file -- rbnacl
Exception `LoadError' at /home/euikook/.rvm/gems/ruby-2.6.0/gems/jwt-2.2.2/lib/jwt/signature.rb:12 - cannot load such file -- rbnacl
Exception `SyntaxError' at /home/euikook/.rvm/rubies/ruby-2.6.0/lib/ruby/2.6.0/forwardable/impl.rb:4 - <compiled>: syntax error, unexpected end-of-input
Exception `SyntaxError' at /home/euikook/.rvm/rubies/ruby-2.6.0/lib/ruby/2.6.0/forwardable/impl.rb:4 - <compiled>: syntax error, unexpected end-of-input
Exception `SyntaxError' at /home/euikook/.rvm/rubies/ruby-2.6.0/lib/ruby/2.6.0/forwardable/impl.rb:4 - <compiled>: syntax error, unexpected end-of-input
Exception `SyntaxError' at /home/euikook/.rvm/rubies/ruby-2.6.0/lib/ruby/2.6.0/forwardable/impl.rb:4 - <compiled>: syntax error, unexpected end-of-input
Exception `SyntaxError' at /home/euikook/.rvm/rubies/ruby-2.6.0/lib/ruby/2.6.0/forwardable/impl.rb:4 - <compiled>: syntax error, unexpected end-of-input
Exception `SyntaxError' at /home/euikook/.rvm/rubies/ruby-2.6.0/lib/ruby/2.6.0/forwardable/impl.rb:4 - <compiled>: syntax error, unexpected end-of-input
Exception `SyntaxError' at /home/euikook/.rvm/rubies/ruby-2.6.0/lib/ruby/2.6.0/forwardable/impl.rb:4 - <compiled>: syntax error, unexpected end-of-input
Exception `SyntaxError' at /home/euikook/.rvm/rubies/ruby-2.6.0/lib/ruby/2.6.0/forwardable/impl.rb:4 - <compiled>: syntax error, unexpected end-of-input
Exception `SyntaxError' at /home/euikook/.rvm/rubies/ruby-2.6.0/lib/ruby/2.6.0/forwardable/impl.rb:4 - <compiled>: syntax error, unexpected end-of-input
Exception `SyntaxError' at /home/euikook/.rvm/rubies/ruby-2.6.0/lib/ruby/2.6.0/forwardable/impl.rb:4 - <compiled>: syntax error, unexpected end-of-input
Exception `SyntaxError' at /home/euikook/.rvm/rubies/ruby-2.6.0/lib/ruby/2.6.0/forwardable/impl.rb:4 - <compiled>: syntax error, unexpected end-of-input
Exception `SyntaxError' at /home/euikook/.rvm/rubies/ruby-2.6.0/lib/ruby/2.6.0/forwardable/impl.rb:4 - <compiled>: syntax error, unexpected end-of-input
Exception `SyntaxError' at /home/euikook/.rvm/rubies/ruby-2.6.0/lib/ruby/2.6.0/forwardable/impl.rb:4 - <compiled>: syntax error, unexpected end-of-input
Exception `SyntaxError' at /home/euikook/.rvm/rubies/ruby-2.6.0/lib/ruby/2.6.0/forwardable/impl.rb:4 - <compiled>: syntax error, unexpected end-of-input
I, [2020-10-22T14:54:27.375265 #16883]  INFO -- : worker=0 ready
I, [2020-10-22T14:54:27.375991 #16884]  INFO -- : worker=1 ready
Exception `LoadError' at /home/euikook/.rvm/gems/ruby-2.6.0/gems/github-markup-3.0.4/lib/github/markup/markdown.rb:59 - cannot load such file -- commonmarker
Exception `LoadError' at /home/euikook/.rvm/gems/ruby-2.6.0/gems/github-markup-3.0.4/lib/github/markup/markdown.rb:59 - cannot load such file -- github/markdown
Exception `LoadError' at /home/euikook/.rvm/gems/ruby-2.6.0/gems/github-markup-3.0.4/lib/github/markup/markdown.rb:59 - cannot load such file -- redcarpet
Exception `LoadError' at /home/euikook/.rvm/gems/ruby-2.6.0/gems/github-markup-3.0.4/lib/github/markup/markdown.rb:59 - cannot load such file -- rdiscount
Exception `LoadError' at /home/euikook/.rvm/gems/ruby-2.6.0/gems/github-markup-3.0.4/lib/github/markup/markdown.rb:59 - cannot load such file -- maruku
127.0.0.1 - - [22/Oct/2020:14:54:33 +0900] "GET / HTTP/1.1" 302 - 0.0244
Exception `LoadError' at /home/euikook/.rvm/gems/ruby-2.6.0/gems/github-markup-3.0.4/lib/github/markup/markdown.rb:59 - cannot load such file -- commonmarker
Exception `LoadError' at /home/euikook/.rvm/gems/ruby-2.6.0/gems/github-markup-3.0.4/lib/github/markup/markdown.rb:59 - cannot load such file -- github/markdown
Exception `LoadError' at /home/euikook/.rvm/gems/ruby-2.6.0/gems/github-markup-3.0.4/lib/github/markup/markdown.rb:59 - cannot load such file -- redcarpet
Exception `LoadError' at /home/euikook/.rvm/gems/ruby-2.6.0/gems/github-markup-3.0.4/lib/github/markup/markdown.rb:59 - cannot load such file -- rdiscount
Exception `LoadError' at /home/euikook/.rvm/gems/ruby-2.6.0/gems/github-markup-3.0.4/lib/github/markup/markdown.rb:59 - cannot load such file -- maruku
Exception `LoadError' at /home/euikook/.rvm/gems/ruby-2.6.0/gems/github-markup-3.0.4/lib/github/markup/markdown.rb:59 - cannot load such file -- commonmarker
Exception `LoadError' at /home/euikook/.rvm/gems/ruby-2.6.0/gems/github-markup-3.0.4/lib/github/markup/markdown.rb:59 - cannot load such file -- github/markdown
Exception `LoadError' at /home/euikook/.rvm/gems/ruby-2.6.0/gems/github-markup-3.0.4/lib/github/markup/markdown.rb:59 - cannot load such file -- redcarpet
Exception `LoadError' at /home/euikook/.rvm/gems/ruby-2.6.0/gems/github-markup-3.0.4/lib/github/markup/markdown.rb:59 - cannot load such file -- rdiscount
Exception `LoadError' at /home/euikook/.rvm/gems/ruby-2.6.0/gems/github-markup-3.0.4/lib/github/markup/markdown.rb:59 - cannot load such file -- maruku
Exception `NameError' at /home/euikook/.rvm/gems/ruby-2.6.0/gems/mustache-0.99.8/lib/mustache.rb:236 - uninitialized constant Precious::Views::Page
Exception `Errno::ENOENT' at /home/euikook/.rvm/gems/ruby-2.6.0/gems/sass-3.7.4/lib/sass/util.rb:679 - No such file or directory @ realpath_rec - /home/euikook/.rvm/gems/ruby-2.6.0/gems/gollum-5.1.1/lib/gollum/public/gollum/images
Exception `Errno::ENOENT' at /home/euikook/.rvm/gems/ruby-2.6.0/gems/sass-3.7.4/lib/sass/util.rb:679 - No such file or directory @ realpath_rec - /home/euikook/.rvm/gems/ruby-2.6.0/gems/gollum-5.1.1/lib/gollum/public/gollum/fonts
Exception `Errno::ENOENT' at /home/euikook/.rvm/gems/ruby-2.6.0/gems/sass-3.7.4/lib/sass/util.rb:679 - No such file or directory @ realpath_rec - /home/euikook/.rvm/gems/ruby-2.6.0/gems/gollum-5.1.1/lib/gollum/public/gollum/images
Exception `Errno::ENOENT' at /home/euikook/.rvm/gems/ruby-2.6.0/gems/sass-3.7.4/lib/sass/util.rb:679 - No such file or directory @ realpath_rec - /home/euikook/.rvm/gems/ruby-2.6.0/gems/gollum-5.1.1/lib/gollum/public/gollum/fonts
Exception `Sass::SyntaxError' at /home/euikook/.rvm/gems/ruby-2.6.0/gems/sass-3.7.4/lib/sass/scss/parser.rb:1308 - Invalid CSS after "": expected selector, was "0%"
Exception `Sass::SyntaxError' at /home/euikook/.rvm/gems/ruby-2.6.0/gems/sass-3.7.4/lib/sass/scss/parser.rb:1308 - Invalid CSS after "": expected selector, was "100%"
Exception `Sass::SyntaxError' at /home/euikook/.rvm/gems/ruby-2.6.0/gems/sass-3.7.4/lib/sass/scss/parser.rb:1308 - Invalid CSS after "": expected selector, was "0%"
Exception `Sass::SyntaxError' at /home/euikook/.rvm/gems/ruby-2.6.0/gems/sass-3.7.4/lib/sass/scss/parser.rb:1308 - Invalid CSS after "": expected selector, was "100%"
Exception `Sass::SyntaxError' at /home/euikook/.rvm/gems/ruby-2.6.0/gems/sass-3.7.4/lib/sass/scss/parser.rb:1308 - Invalid CSS after "": expected selector, was "0%"
Exception `Sass::SyntaxError' at /home/euikook/.rvm/gems/ruby-2.6.0/gems/sass-3.7.4/lib/sass/scss/parser.rb:1308 - Invalid CSS after "": expected selector, was "100%"
Exception `Sass::SyntaxError' at /home/euikook/.rvm/gems/ruby-2.6.0/gems/sass-3.7.4/lib/sass/scss/parser.rb:1308 - Invalid CSS after "": expected selector, was "0%"
Exception `Sass::SyntaxError' at /home/euikook/.rvm/gems/ruby-2.6.0/gems/sass-3.7.4/lib/sass/scss/parser.rb:1308 - Invalid CSS after "": expected selector, was "100%"
Exception `Sass::SyntaxError' at /home/euikook/.rvm/gems/ruby-2.6.0/gems/sass-3.7.4/lib/sass/scss/parser.rb:1308 - Invalid CSS after "": expected selector, was "0%"
Exception `Sass::SyntaxError' at /home/euikook/.rvm/gems/ruby-2.6.0/gems/sass-3.7.4/lib/sass/scss/parser.rb:1308 - Invalid CSS after "": expected selector, was "100%"
Exception `Sass::SyntaxError' at /home/euikook/.rvm/gems/ruby-2.6.0/gems/sass-3.7.4/lib/sass/scss/parser.rb:1308 - Invalid CSS after "": expected selector, was "0%"
Exception `Sass::SyntaxError' at /home/euikook/.rvm/gems/ruby-2.6.0/gems/sass-3.7.4/lib/sass/scss/parser.rb:1308 - Invalid CSS after "": expected selector, was "10%"
Exception `Sass::SyntaxError' at /home/euikook/.rvm/gems/ruby-2.6.0/gems/sass-3.7.4/lib/sass/scss/parser.rb:1308 - Invalid CSS after "": expected selector, was "100%"
Exception `Sass::SyntaxError' at /home/euikook/.rvm/gems/ruby-2.6.0/gems/sass-3.7.4/lib/sass/scss/parser.rb:1308 - Invalid CSS after "": expected selector, was "0%"
Exception `Sass::SyntaxError' at /home/euikook/.rvm/gems/ruby-2.6.0/gems/sass-3.7.4/lib/sass/scss/parser.rb:1308 - Invalid CSS after "": expected selector, was "50%"
Exception `Sass::SyntaxError' at /home/euikook/.rvm/gems/ruby-2.6.0/gems/sass-3.7.4/lib/sass/scss/parser.rb:1308 - Invalid CSS after "": expected selector, was "100%"
Exception `Errno::ENOENT' at /home/euikook/.rvm/gems/ruby-2.6.0/gems/sass-3.7.4/lib/sass/util.rb:679 - No such file or directory @ realpath_rec - /home/euikook/.rvm/gems/ruby-2.6.0/gems/gollum-5.1.1/lib/gollum/public/gollum/images
Exception `Errno::ENOENT' at /home/euikook/.rvm/gems/ruby-2.6.0/gems/sass-3.7.4/lib/sass/util.rb:679 - No such file or directory @ realpath_rec - /home/euikook/.rvm/gems/ruby-2.6.0/gems/gollum-5.1.1/lib/gollum/public/gollum/fonts
Exception `Errno::ENOENT' at /home/euikook/.rvm/gems/ruby-2.6.0/gems/sass-3.7.4/lib/sass/util.rb:679 - No such file or directory @ realpath_rec - /home/euikook/.rvm/gems/ruby-2.6.0/gems/gollum-5.1.1/lib/gollum/public/gollum/images
Exception `Errno::ENOENT' at /home/euikook/.rvm/gems/ruby-2.6.0/gems/sass-3.7.4/lib/sass/util.rb:679 - No such file or directory @ realpath_rec - /home/euikook/.rvm/gems/ruby-2.6.0/gems/gollum-5.1.1/lib/gollum/public/gollum/fonts
Exception `Errno::ENOENT' at /home/euikook/.rvm/gems/ruby-2.6.0/gems/sass-3.7.4/lib/sass/util.rb:679 - No such file or directory @ realpath_rec - /home/euikook/.rvm/gems/ruby-2.6.0/gems/gollum-5.1.1/lib/gollum/public/gollum/images
Exception `Errno::ENOENT' at /home/euikook/.rvm/gems/ruby-2.6.0/gems/sass-3.7.4/lib/sass/util.rb:679 - No such file or directory @ realpath_rec - /home/euikook/.rvm/gems/ruby-2.6.0/gems/gollum-5.1.1/lib/gollum/public/gollum/fonts
Exception `Errno::ENOENT' at /home/euikook/.rvm/gems/ruby-2.6.0/gems/sass-3.7.4/lib/sass/util.rb:679 - No such file or directory @ realpath_rec - /home/euikook/.rvm/gems/ruby-2.6.0/gems/gollum-5.1.1/lib/gollum/public/gollum/images
Exception `Errno::ENOENT' at /home/euikook/.rvm/gems/ruby-2.6.0/gems/sass-3.7.4/lib/sass/util.rb:679 - No such file or directory @ realpath_rec - /home/euikook/.rvm/gems/ruby-2.6.0/gems/gollum-5.1.1/lib/gollum/public/gollum/fonts
Exception `Errno::ENOENT' at /home/euikook/.rvm/gems/ruby-2.6.0/gems/sass-3.7.4/lib/sass/util.rb:679 - No such file or directory @ realpath_rec - /home/euikook/.rvm/gems/ruby-2.6.0/gems/gollum-5.1.1/lib/gollum/public/gollum/images
Exception `Errno::ENOENT' at /home/euikook/.rvm/gems/ruby-2.6.0/gems/sass-3.7.4/lib/sass/util.rb:679 - No such file or directory @ realpath_rec - /home/euikook/.rvm/gems/ruby-2.6.0/gems/gollum-5.1.1/lib/gollum/public/gollum/fonts
Exception `Errno::ENOENT' at /home/euikook/.rvm/gems/ruby-2.6.0/gems/sass-3.7.4/lib/sass/util.rb:679 - No such file or directory @ realpath_rec - /home/euikook/.rvm/gems/ruby-2.6.0/gems/gollum-5.1.1/lib/gollum/public/gollum/images
Exception `Errno::ENOENT' at /home/euikook/.rvm/gems/ruby-2.6.0/gems/sass-3.7.4/lib/sass/util.rb:679 - No such file or directory @ realpath_rec - /home/euikook/.rvm/gems/ruby-2.6.0/gems/gollum-5.1.1/lib/gollum/public/gollum/fonts
Exception `Errno::ENOENT' at /home/euikook/.rvm/gems/ruby-2.6.0/gems/sass-3.7.4/lib/sass/util.rb:679 - No such file or directory @ realpath_rec - /home/euikook/.rvm/gems/ruby-2.6.0/gems/gollum-5.1.1/lib/gollum/public/gollum/images
Exception `Errno::ENOENT' at /home/euikook/.rvm/gems/ruby-2.6.0/gems/sass-3.7.4/lib/sass/util.rb:679 - No such file or directory @ realpath_rec - /home/euikook/.rvm/gems/ruby-2.6.0/gems/gollum-5.1.1/lib/gollum/public/gollum/fonts
Exception `Sass::SyntaxError' at /home/euikook/.rvm/gems/ruby-2.6.0/gems/sass-3.7.4/lib/sass/scss/parser.rb:1308 - Invalid CSS after "": expected selector, was "0%"
Exception `Sass::SyntaxError' at /home/euikook/.rvm/gems/ruby-2.6.0/gems/sass-3.7.4/lib/sass/scss/parser.rb:1308 - Invalid CSS after "": expected selector, was "100%"
Exception `Sass::SyntaxError' at /home/euikook/.rvm/gems/ruby-2.6.0/gems/sass-3.7.4/lib/sass/scss/parser.rb:1308 - Invalid CSS after "": expected selector, was "0%"
Exception `Sass::SyntaxError' at /home/euikook/.rvm/gems/ruby-2.6.0/gems/sass-3.7.4/lib/sass/scss/parser.rb:1308 - Invalid CSS after "": expected selector, was "100%"
Exception `Sass::SyntaxError' at /home/euikook/.rvm/gems/ruby-2.6.0/gems/sass-3.7.4/lib/sass/scss/parser.rb:1308 - Invalid CSS after "": expected selector, was "0%"
Exception `Sass::SyntaxError' at /home/euikook/.rvm/gems/ruby-2.6.0/gems/sass-3.7.4/lib/sass/scss/parser.rb:1308 - Invalid CSS after "": expected selector, was "100%"
Exception `Sass::SyntaxError' at /home/euikook/.rvm/gems/ruby-2.6.0/gems/sass-3.7.4/lib/sass/scss/parser.rb:1308 - Invalid CSS after "": expected selector, was "0%"
Exception `Sass::SyntaxError' at /home/euikook/.rvm/gems/ruby-2.6.0/gems/sass-3.7.4/lib/sass/scss/parser.rb:1308 - Invalid CSS after "": expected selector, was "100%"
Exception `Sass::SyntaxError' at /home/euikook/.rvm/gems/ruby-2.6.0/gems/sass-3.7.4/lib/sass/scss/parser.rb:1308 - Invalid CSS after "": expected selector, was "0%"
Exception `Sass::SyntaxError' at /home/euikook/.rvm/gems/ruby-2.6.0/gems/sass-3.7.4/lib/sass/scss/parser.rb:1308 - Invalid CSS after "": expected selector, was "100%"
Exception `Sass::SyntaxError' at /home/euikook/.rvm/gems/ruby-2.6.0/gems/sass-3.7.4/lib/sass/scss/parser.rb:1308 - Invalid CSS after "": expected selector, was "0%"
Exception `Sass::SyntaxError' at /home/euikook/.rvm/gems/ruby-2.6.0/gems/sass-3.7.4/lib/sass/scss/parser.rb:1308 - Invalid CSS after "": expected selector, was "100%"
Exception `Sass::SyntaxError' at /home/euikook/.rvm/gems/ruby-2.6.0/gems/sass-3.7.4/lib/sass/scss/parser.rb:1308 - Invalid CSS after "": expected selector, was "0%"
Exception `Sass::SyntaxError' at /home/euikook/.rvm/gems/ruby-2.6.0/gems/sass-3.7.4/lib/sass/scss/parser.rb:1308 - Invalid CSS after "": expected selector, was "100%"
Exception `Sass::SyntaxError' at /home/euikook/.rvm/gems/ruby-2.6.0/gems/sass-3.7.4/lib/sass/scss/parser.rb:1308 - Invalid CSS after "": expected selector, was "0%"
Exception `Sass::SyntaxError' at /home/euikook/.rvm/gems/ruby-2.6.0/gems/sass-3.7.4/lib/sass/scss/parser.rb:1308 - Invalid CSS after "": expected selector, was "100%"
Exception `Sass::SyntaxError' at /home/euikook/.rvm/gems/ruby-2.6.0/gems/sass-3.7.4/lib/sass/scss/parser.rb:1308 - Invalid CSS after "": expected selector, was "0%"
Exception `Sass::SyntaxError' at /home/euikook/.rvm/gems/ruby-2.6.0/gems/sass-3.7.4/lib/sass/scss/parser.rb:1308 - Invalid CSS after "": expected selector, was "100%"
Exception `Sass::SyntaxError' at /home/euikook/.rvm/gems/ruby-2.6.0/gems/sass-3.7.4/lib/sass/scss/parser.rb:1308 - Invalid CSS after "": expected selector, was "0%"
Exception `Sass::SyntaxError' at /home/euikook/.rvm/gems/ruby-2.6.0/gems/sass-3.7.4/lib/sass/scss/parser.rb:1308 - Invalid CSS after "": expected selector, was "100%"
Exception `Sass::SyntaxError' at /home/euikook/.rvm/gems/ruby-2.6.0/gems/sass-3.7.4/lib/sass/scss/parser.rb:1308 - Invalid CSS after "": expected selector, was "0%"
Exception `Sass::SyntaxError' at /home/euikook/.rvm/gems/ruby-2.6.0/gems/sass-3.7.4/lib/sass/scss/parser.rb:1308 - Invalid CSS after "": expected selector, was "10%"
Exception `Sass::SyntaxError' at /home/euikook/.rvm/gems/ruby-2.6.0/gems/sass-3.7.4/lib/sass/scss/parser.rb:1308 - Invalid CSS after "": expected selector, was "100%"
Exception `Sass::SyntaxError' at /home/euikook/.rvm/gems/ruby-2.6.0/gems/sass-3.7.4/lib/sass/scss/parser.rb:1308 - Invalid CSS after "": expected selector, was "0%"
Exception `Sass::SyntaxError' at /home/euikook/.rvm/gems/ruby-2.6.0/gems/sass-3.7.4/lib/sass/scss/parser.rb:1308 - Invalid CSS after "": expected selector, was "50%"
Exception `Sass::SyntaxError' at /home/euikook/.rvm/gems/ruby-2.6.0/gems/sass-3.7.4/lib/sass/scss/parser.rb:1308 - Invalid CSS after "": expected selector, was "100%"
Exception `Sass::SyntaxError' at /home/euikook/.rvm/gems/ruby-2.6.0/gems/sass-3.7.4/lib/sass/scss/parser.rb:1308 - Invalid CSS after "": expected selector, was "0%"
Exception `Sass::SyntaxError' at /home/euikook/.rvm/gems/ruby-2.6.0/gems/sass-3.7.4/lib/sass/scss/parser.rb:1308 - Invalid CSS after "": expected selector, was "100%"
Exception `Sass::SyntaxError' at /home/euikook/.rvm/gems/ruby-2.6.0/gems/sass-3.7.4/lib/sass/scss/parser.rb:1308 - Invalid CSS after "": expected selector, was "0%"
Exception `Sass::SyntaxError' at /home/euikook/.rvm/gems/ruby-2.6.0/gems/sass-3.7.4/lib/sass/scss/parser.rb:1308 - Invalid CSS after "": expected selector, was "100%"
Exception `Sass::SyntaxError' at /home/euikook/.rvm/gems/ruby-2.6.0/gems/sass-3.7.4/lib/sass/scss/parser.rb:1308 - Invalid CSS after "": expected selector, was "0%"
Exception `Sass::SyntaxError' at /home/euikook/.rvm/gems/ruby-2.6.0/gems/sass-3.7.4/lib/sass/scss/parser.rb:1308 - Invalid CSS after "": expected selector, was "100%"
Exception `Sass::SyntaxError' at /home/euikook/.rvm/gems/ruby-2.6.0/gems/sass-3.7.4/lib/sass/scss/parser.rb:1308 - Invalid CSS after "": expected selector, was "0%"
Exception `Sass::SyntaxError' at /home/euikook/.rvm/gems/ruby-2.6.0/gems/sass-3.7.4/lib/sass/scss/parser.rb:1308 - Invalid CSS after "": expected selector, was "100%"
Exception `Sass::SyntaxError' at /home/euikook/.rvm/gems/ruby-2.6.0/gems/sass-3.7.4/lib/sass/scss/parser.rb:1308 - Invalid CSS after "": expected selector, was "0%"
Exception `Sass::SyntaxError' at /home/euikook/.rvm/gems/ruby-2.6.0/gems/sass-3.7.4/lib/sass/scss/parser.rb:1308 - Invalid CSS after "": expected selector, was "100%"
Exception `Errno::ENOENT' at /home/euikook/.rvm/gems/ruby-2.6.0/gems/sass-3.7.4/lib/sass/util.rb:679 - No such file or directory @ realpath_rec - /home/euikook/.rvm/gems/ruby-2.6.0/gems/gollum-5.1.1/lib/gollum/public/gollum/images
Exception `Errno::ENOENT' at /home/euikook/.rvm/gems/ruby-2.6.0/gems/sass-3.7.4/lib/sass/util.rb:679 - No such file or directory @ realpath_rec - /home/euikook/.rvm/gems/ruby-2.6.0/gems/gollum-5.1.1/lib/gollum/public/gollum/fonts
127.0.0.1 - - [22/Oct/2020:14:54:37 +0900] "GET /Home HTTP/1.1" 200 3454 3.4921
127.0.0.1 - - [22/Oct/2020:14:54:37 +0900] "GET /gollum/assets/app.js HTTP/1.1" 304 - 0.0038
127.0.0.1 - - [22/Oct/2020:14:54:37 +0900] "GET /gollum/assets/print.css HTTP/1.1" 304 - 0.0019
Exception `Errno::ENOENT' at /home/euikook/.rvm/gems/ruby-2.6.0/gems/sass-3.7.4/lib/sass/util.rb:679 - No such file or directory @ realpath_rec - /home/euikook/.rvm/gems/ruby-2.6.0/gems/gollum-5.1.1/lib/gollum/public/gollum/images
Exception `Errno::ENOENT' at /home/euikook/.rvm/gems/ruby-2.6.0/gems/sass-3.7.4/lib/sass/util.rb:679 - No such file or directory @ realpath_rec - /home/euikook/.rvm/gems/ruby-2.6.0/gems/gollum-5.1.1/lib/gollum/public/gollum/fonts
Exception `Errno::ENOENT' at /home/euikook/.rvm/gems/ruby-2.6.0/gems/sass-3.7.4/lib/sass/util.rb:679 - No such file or directory @ realpath_rec - /home/euikook/.rvm/gems/ruby-2.6.0/gems/gollum-5.1.1/lib/gollum/public/gollum/images
Exception `Errno::ENOENT' at /home/euikook/.rvm/gems/ruby-2.6.0/gems/sass-3.7.4/lib/sass/util.rb:679 - No such file or directory @ realpath_rec - /home/euikook/.rvm/gems/ruby-2.6.0/gems/gollum-5.1.1/lib/gollum/public/gollum/fonts
Exception `Sass::SyntaxError' at /home/euikook/.rvm/gems/ruby-2.6.0/gems/sass-3.7.4/lib/sass/scss/parser.rb:1308 - Invalid CSS after "": expected selector, was "0%"
Exception `Sass::SyntaxError' at /home/euikook/.rvm/gems/ruby-2.6.0/gems/sass-3.7.4/lib/sass/scss/parser.rb:1308 - Invalid CSS after "": expected selector, was "100%"
Exception `Sass::SyntaxError' at /home/euikook/.rvm/gems/ruby-2.6.0/gems/sass-3.7.4/lib/sass/scss/parser.rb:1308 - Invalid CSS after "": expected selector, was "0%"
Exception `Sass::SyntaxError' at /home/euikook/.rvm/gems/ruby-2.6.0/gems/sass-3.7.4/lib/sass/scss/parser.rb:1308 - Invalid CSS after "": expected selector, was "100%"
Exception `Sass::SyntaxError' at /home/euikook/.rvm/gems/ruby-2.6.0/gems/sass-3.7.4/lib/sass/scss/parser.rb:1308 - Invalid CSS after "": expected selector, was "0%"
Exception `Sass::SyntaxError' at /home/euikook/.rvm/gems/ruby-2.6.0/gems/sass-3.7.4/lib/sass/scss/parser.rb:1308 - Invalid CSS after "": expected selector, was "100%"
Exception `Sass::SyntaxError' at /home/euikook/.rvm/gems/ruby-2.6.0/gems/sass-3.7.4/lib/sass/scss/parser.rb:1308 - Invalid CSS after "": expected selector, was "0%"
Exception `Sass::SyntaxError' at /home/euikook/.rvm/gems/ruby-2.6.0/gems/sass-3.7.4/lib/sass/scss/parser.rb:1308 - Invalid CSS after "": expected selector, was "100%"
Exception `Sass::SyntaxError' at /home/euikook/.rvm/gems/ruby-2.6.0/gems/sass-3.7.4/lib/sass/scss/parser.rb:1308 - Invalid CSS after "": expected selector, was "0%"
Exception `Sass::SyntaxError' at /home/euikook/.rvm/gems/ruby-2.6.0/gems/sass-3.7.4/lib/sass/scss/parser.rb:1308 - Invalid CSS after "": expected selector, was "100%"
Exception `Sass::SyntaxError' at /home/euikook/.rvm/gems/ruby-2.6.0/gems/sass-3.7.4/lib/sass/scss/parser.rb:1308 - Invalid CSS after "": expected selector, was "0%"
Exception `Sass::SyntaxError' at /home/euikook/.rvm/gems/ruby-2.6.0/gems/sass-3.7.4/lib/sass/scss/parser.rb:1308 - Invalid CSS after "": expected selector, was "10%"
Exception `Sass::SyntaxError' at /home/euikook/.rvm/gems/ruby-2.6.0/gems/sass-3.7.4/lib/sass/scss/parser.rb:1308 - Invalid CSS after "": expected selector, was "100%"
Exception `Sass::SyntaxError' at /home/euikook/.rvm/gems/ruby-2.6.0/gems/sass-3.7.4/lib/sass/scss/parser.rb:1308 - Invalid CSS after "": expected selector, was "0%"
Exception `Sass::SyntaxError' at /home/euikook/.rvm/gems/ruby-2.6.0/gems/sass-3.7.4/lib/sass/scss/parser.rb:1308 - Invalid CSS after "": expected selector, was "50%"
Exception `Sass::SyntaxError' at /home/euikook/.rvm/gems/ruby-2.6.0/gems/sass-3.7.4/lib/sass/scss/parser.rb:1308 - Invalid CSS after "": expected selector, was "100%"
127.0.0.1 - - [22/Oct/2020:14:54:37 +0900] "GET /gollum/assets/app.css HTTP/1.1" 200 298111 0.0071
127.0.0.1 - - [22/Oct/2020:14:54:37 +0900] "GET /favicon.ico HTTP/1.1" 403 - 0.0020
Exception `Errno::ENOENT' at /home/euikook/.rvm/gems/ruby-2.6.0/gems/sass-3.7.4/lib/sass/util.rb:679 - No such file or directory @ realpath_rec - /home/euikook/.rvm/gems/ruby-2.6.0/gems/gollum-5.1.1/lib/gollum/public/gollum/images
Exception `Errno::ENOENT' at /home/euikook/.rvm/gems/ruby-2.6.0/gems/sass-3.7.4/lib/sass/util.rb:679 - No such file or directory @ realpath_rec - /home/euikook/.rvm/gems/ruby-2.6.0/gems/gollum-5.1.1/lib/gollum/public/gollum/fonts
Exception `Errno::ENOENT' at /home/euikook/.rvm/gems/ruby-2.6.0/gems/sass-3.7.4/lib/sass/util.rb:679 - No such file or directory @ realpath_rec - /home/euikook/.rvm/gems/ruby-2.6.0/gems/gollum-5.1.1/lib/gollum/public/gollum/images
Exception `Errno::ENOENT' at /home/euikook/.rvm/gems/ruby-2.6.0/gems/sass-3.7.4/lib/sass/util.rb:679 - No such file or directory @ realpath_rec - /home/euikook/.rvm/gems/ruby-2.6.0/gems/gollum-5.1.1/lib/gollum/public/gollum/fonts
Exception `Errno::ENOENT' at /home/euikook/.rvm/gems/ruby-2.6.0/gems/sass-3.7.4/lib/sass/util.rb:679 - No such file or directory @ realpath_rec - /home/euikook/.rvm/gems/ruby-2.6.0/gems/gollum-5.1.1/lib/gollum/public/gollum/images
Exception `Errno::ENOENT' at /home/euikook/.rvm/gems/ruby-2.6.0/gems/sass-3.7.4/lib/sass/util.rb:679 - No such file or directory @ realpath_rec - /home/euikook/.rvm/gems/ruby-2.6.0/gems/gollum-5.1.1/lib/gollum/public/gollum/fonts
Exception `Errno::ENOENT' at /home/euikook/.rvm/gems/ruby-2.6.0/gems/sass-3.7.4/lib/sass/util.rb:679 - No such file or directory @ realpath_rec - /home/euikook/.rvm/gems/ruby-2.6.0/gems/gollum-5.1.1/lib/gollum/public/gollum/images
Exception `Errno::ENOENT' at /home/euikook/.rvm/gems/ruby-2.6.0/gems/sass-3.7.4/lib/sass/util.rb:679 - No such file or directory @ realpath_rec - /home/euikook/.rvm/gems/ruby-2.6.0/gems/gollum-5.1.1/lib/gollum/public/gollum/fonts
Exception `Errno::ENOENT' at /home/euikook/.rvm/gems/ruby-2.6.0/gems/sass-3.7.4/lib/sass/util.rb:679 - No such file or directory @ realpath_rec - /home/euikook/.rvm/gems/ruby-2.6.0/gems/gollum-5.1.1/lib/gollum/public/gollum/images
Exception `Errno::ENOENT' at /home/euikook/.rvm/gems/ruby-2.6.0/gems/sass-3.7.4/lib/sass/util.rb:679 - No such file or directory @ realpath_rec - /home/euikook/.rvm/gems/ruby-2.6.0/gems/gollum-5.1.1/lib/gollum/public/gollum/fonts
Exception `Errno::ENOENT' at /home/euikook/.rvm/gems/ruby-2.6.0/gems/sass-3.7.4/lib/sass/util.rb:679 - No such file or directory @ realpath_rec - /home/euikook/.rvm/gems/ruby-2.6.0/gems/gollum-5.1.1/lib/gollum/public/gollum/images
Exception `Errno::ENOENT' at /home/euikook/.rvm/gems/ruby-2.6.0/gems/sass-3.7.4/lib/sass/util.rb:679 - No such file or directory @ realpath_rec - /home/euikook/.rvm/gems/ruby-2.6.0/gems/gollum-5.1.1/lib/gollum/public/gollum/fonts
Exception `Errno::ENOENT' at /home/euikook/.rvm/gems/ruby-2.6.0/gems/sass-3.7.4/lib/sass/util.rb:679 - No such file or directory @ realpath_rec - /home/euikook/.rvm/gems/ruby-2.6.0/gems/gollum-5.1.1/lib/gollum/public/gollum/images
Exception `Errno::ENOENT' at /home/euikook/.rvm/gems/ruby-2.6.0/gems/sass-3.7.4/lib/sass/util.rb:679 - No such file or directory @ realpath_rec - /home/euikook/.rvm/gems/ruby-2.6.0/gems/gollum-5.1.1/lib/gollum/public/gollum/fonts
Exception `Sass::SyntaxError' at /home/euikook/.rvm/gems/ruby-2.6.0/gems/sass-3.7.4/lib/sass/scss/parser.rb:1308 - Invalid CSS after "": expected selector, was "0%"
Exception `Sass::SyntaxError' at /home/euikook/.rvm/gems/ruby-2.6.0/gems/sass-3.7.4/lib/sass/scss/parser.rb:1308 - Invalid CSS after "": expected selector, was "100%"
Exception `Sass::SyntaxError' at /home/euikook/.rvm/gems/ruby-2.6.0/gems/sass-3.7.4/lib/sass/scss/parser.rb:1308 - Invalid CSS after "": expected selector, was "0%"
Exception `Sass::SyntaxError' at /home/euikook/.rvm/gems/ruby-2.6.0/gems/sass-3.7.4/lib/sass/scss/parser.rb:1308 - Invalid CSS after "": expected selector, was "100%"
Exception `Sass::SyntaxError' at /home/euikook/.rvm/gems/ruby-2.6.0/gems/sass-3.7.4/lib/sass/scss/parser.rb:1308 - Invalid CSS after "": expected selector, was "0%"
Exception `Sass::SyntaxError' at /home/euikook/.rvm/gems/ruby-2.6.0/gems/sass-3.7.4/lib/sass/scss/parser.rb:1308 - Invalid CSS after "": expected selector, was "100%"
Exception `Sass::SyntaxError' at /home/euikook/.rvm/gems/ruby-2.6.0/gems/sass-3.7.4/lib/sass/scss/parser.rb:1308 - Invalid CSS after "": expected selector, was "0%"
Exception `Sass::SyntaxError' at /home/euikook/.rvm/gems/ruby-2.6.0/gems/sass-3.7.4/lib/sass/scss/parser.rb:1308 - Invalid CSS after "": expected selector, was "100%"
Exception `Sass::SyntaxError' at /home/euikook/.rvm/gems/ruby-2.6.0/gems/sass-3.7.4/lib/sass/scss/parser.rb:1308 - Invalid CSS after "": expected selector, was "0%"
Exception `Sass::SyntaxError' at /home/euikook/.rvm/gems/ruby-2.6.0/gems/sass-3.7.4/lib/sass/scss/parser.rb:1308 - Invalid CSS after "": expected selector, was "100%"
Exception `Sass::SyntaxError' at /home/euikook/.rvm/gems/ruby-2.6.0/gems/sass-3.7.4/lib/sass/scss/parser.rb:1308 - Invalid CSS after "": expected selector, was "0%"
Exception `Sass::SyntaxError' at /home/euikook/.rvm/gems/ruby-2.6.0/gems/sass-3.7.4/lib/sass/scss/parser.rb:1308 - Invalid CSS after "": expected selector, was "100%"
Exception `Sass::SyntaxError' at /home/euikook/.rvm/gems/ruby-2.6.0/gems/sass-3.7.4/lib/sass/scss/parser.rb:1308 - Invalid CSS after "": expected selector, was "0%"
Exception `Sass::SyntaxError' at /home/euikook/.rvm/gems/ruby-2.6.0/gems/sass-3.7.4/lib/sass/scss/parser.rb:1308 - Invalid CSS after "": expected selector, was "100%"
Exception `Sass::SyntaxError' at /home/euikook/.rvm/gems/ruby-2.6.0/gems/sass-3.7.4/lib/sass/scss/parser.rb:1308 - Invalid CSS after "": expected selector, was "0%"
Exception `Sass::SyntaxError' at /home/euikook/.rvm/gems/ruby-2.6.0/gems/sass-3.7.4/lib/sass/scss/parser.rb:1308 - Invalid CSS after "": expected selector, was "100%"
Exception `Sass::SyntaxError' at /home/euikook/.rvm/gems/ruby-2.6.0/gems/sass-3.7.4/lib/sass/scss/parser.rb:1308 - Invalid CSS after "": expected selector, was "0%"
Exception `Sass::SyntaxError' at /home/euikook/.rvm/gems/ruby-2.6.0/gems/sass-3.7.4/lib/sass/scss/parser.rb:1308 - Invalid CSS after "": expected selector, was "100%"
Exception `Sass::SyntaxError' at /home/euikook/.rvm/gems/ruby-2.6.0/gems/sass-3.7.4/lib/sass/scss/parser.rb:1308 - Invalid CSS after "": expected selector, was "0%"
Exception `Sass::SyntaxError' at /home/euikook/.rvm/gems/ruby-2.6.0/gems/sass-3.7.4/lib/sass/scss/parser.rb:1308 - Invalid CSS after "": expected selector, was "100%"
Exception `Sass::SyntaxError' at /home/euikook/.rvm/gems/ruby-2.6.0/gems/sass-3.7.4/lib/sass/scss/parser.rb:1308 - Invalid CSS after "": expected selector, was "0%"
Exception `Sass::SyntaxError' at /home/euikook/.rvm/gems/ruby-2.6.0/gems/sass-3.7.4/lib/sass/scss/parser.rb:1308 - Invalid CSS after "": expected selector, was "10%"
Exception `Sass::SyntaxError' at /home/euikook/.rvm/gems/ruby-2.6.0/gems/sass-3.7.4/lib/sass/scss/parser.rb:1308 - Invalid CSS after "": expected selector, was "100%"
Exception `Sass::SyntaxError' at /home/euikook/.rvm/gems/ruby-2.6.0/gems/sass-3.7.4/lib/sass/scss/parser.rb:1308 - Invalid CSS after "": expected selector, was "0%"
Exception `Sass::SyntaxError' at /home/euikook/.rvm/gems/ruby-2.6.0/gems/sass-3.7.4/lib/sass/scss/parser.rb:1308 - Invalid CSS after "": expected selector, was "50%"
Exception `Sass::SyntaxError' at /home/euikook/.rvm/gems/ruby-2.6.0/gems/sass-3.7.4/lib/sass/scss/parser.rb:1308 - Invalid CSS after "": expected selector, was "100%"
Exception `Sass::SyntaxError' at /home/euikook/.rvm/gems/ruby-2.6.0/gems/sass-3.7.4/lib/sass/scss/parser.rb:1308 - Invalid CSS after "": expected selector, was "0%"
Exception `Sass::SyntaxError' at /home/euikook/.rvm/gems/ruby-2.6.0/gems/sass-3.7.4/lib/sass/scss/parser.rb:1308 - Invalid CSS after "": expected selector, was "100%"
Exception `Sass::SyntaxError' at /home/euikook/.rvm/gems/ruby-2.6.0/gems/sass-3.7.4/lib/sass/scss/parser.rb:1308 - Invalid CSS after "": expected selector, was "0%"
Exception `Sass::SyntaxError' at /home/euikook/.rvm/gems/ruby-2.6.0/gems/sass-3.7.4/lib/sass/scss/parser.rb:1308 - Invalid CSS after "": expected selector, was "100%"
Exception `Sass::SyntaxError' at /home/euikook/.rvm/gems/ruby-2.6.0/gems/sass-3.7.4/lib/sass/scss/parser.rb:1308 - Invalid CSS after "": expected selector, was "0%"
Exception `Sass::SyntaxError' at /home/euikook/.rvm/gems/ruby-2.6.0/gems/sass-3.7.4/lib/sass/scss/parser.rb:1308 - Invalid CSS after "": expected selector, was "100%"
Exception `Sass::SyntaxError' at /home/euikook/.rvm/gems/ruby-2.6.0/gems/sass-3.7.4/lib/sass/scss/parser.rb:1308 - Invalid CSS after "": expected selector, was "0%"
Exception `Sass::SyntaxError' at /home/euikook/.rvm/gems/ruby-2.6.0/gems/sass-3.7.4/lib/sass/scss/parser.rb:1308 - Invalid CSS after "": expected selector, was "100%"
Exception `Sass::SyntaxError' at /home/euikook/.rvm/gems/ruby-2.6.0/gems/sass-3.7.4/lib/sass/scss/parser.rb:1308 - Invalid CSS after "": expected selector, was "0%"
Exception `Sass::SyntaxError' at /home/euikook/.rvm/gems/ruby-2.6.0/gems/sass-3.7.4/lib/sass/scss/parser.rb:1308 - Invalid CSS after "": expected selector, was "100%"
127.0.0.1 - - [22/Oct/2020:14:54:40 +0900] "GET /gollum/assets/app.css HTTP/1.1" 304 - 3.4166
Exception `Errno::ENOTCONN' at /home/euikook/.rvm/gems/ruby-2.6.0/gems/unicorn-5.7.0/lib/unicorn/http_server.rb:649 - Transport endpoint is not connected - shutdown(2)
Exception `NameError' at /home/euikook/.rvm/gems/ruby-2.6.0/gems/mustache-0.99.8/lib/mustache.rb:236 - uninitialized constant Precious::Views::Overview
127.0.0.1 - - [22/Oct/2020:14:54:43 +0900] "GET /gollum/overview HTTP/1.1" 200 26548 0.0398
127.0.0.1 - - [22/Oct/2020:14:54:43 +0900] "GET /gollum/assets/app.css HTTP/1.1" 304 - 0.0034
127.0.0.1 - - [22/Oct/2020:14:54:43 +0900] "GET /gollum/assets/app.js HTTP/1.1" 304 - 0.0035
Exception `Errno::ENOENT' at /home/euikook/.rvm/gems/ruby-2.6.0/gems/sass-3.7.4/lib/sass/util.rb:679 - No such file or directory @ realpath_rec - /home/euikook/.rvm/gems/ruby-2.6.0/gems/gollum-5.1.1/lib/gollum/public/gollum/images
Exception `Errno::ENOENT' at /home/euikook/.rvm/gems/ruby-2.6.0/gems/sass-3.7.4/lib/sass/util.rb:679 - No such file or directory @ realpath_rec - /home/euikook/.rvm/gems/ruby-2.6.0/gems/gollum-5.1.1/lib/gollum/public/gollum/fonts
127.0.0.1 - - [22/Oct/2020:14:54:43 +0900] "GET /gollum/assets/print.css HTTP/1.1" 304 - 0.0061
127.0.0.1 - - [22/Oct/2020:14:54:43 +0900] "GET /favicon.ico HTTP/1.1" 403 - 0.0027
127.0.0.1 - - [22/Oct/2020:14:54:45 +0900] "GET / HTTP/1.1" 302 - 0.0038
Exception `LoadError' at /home/euikook/.rvm/gems/ruby-2.6.0/gems/github-markup-3.0.4/lib/github/markup/markdown.rb:59 - cannot load such file -- commonmarker
Exception `LoadError' at /home/euikook/.rvm/gems/ruby-2.6.0/gems/github-markup-3.0.4/lib/github/markup/markdown.rb:59 - cannot load such file -- github/markdown
Exception `LoadError' at /home/euikook/.rvm/gems/ruby-2.6.0/gems/github-markup-3.0.4/lib/github/markup/markdown.rb:59 - cannot load such file -- redcarpet
Exception `LoadError' at /home/euikook/.rvm/gems/ruby-2.6.0/gems/github-markup-3.0.4/lib/github/markup/markdown.rb:59 - cannot load such file -- rdiscount
Exception `LoadError' at /home/euikook/.rvm/gems/ruby-2.6.0/gems/github-markup-3.0.4/lib/github/markup/markdown.rb:59 - cannot load such file -- maruku
Exception `NameError' at /home/euikook/.rvm/gems/ruby-2.6.0/gems/mustache-0.99.8/lib/mustache.rb:236 - uninitialized constant Precious::Views::Page
127.0.0.1 - - [22/Oct/2020:14:54:45 +0900] "GET /Home HTTP/1.1" 200 3454 0.0690
127.0.0.1 - - [22/Oct/2020:14:54:45 +0900] "GET /gollum/assets/app.js HTTP/1.1" 304 - 0.0029
127.0.0.1 - - [22/Oct/2020:14:54:45 +0900] "GET /gollum/assets/app.css HTTP/1.1" 304 - 0.0040
127.0.0.1 - - [22/Oct/2020:14:54:45 +0900] "GET /gollum/assets/print.css HTTP/1.1" 304 - 0.0025
127.0.0.1 - - [22/Oct/2020:14:54:45 +0900] "GET /favicon.ico HTTP/1.1" 403 - 0.0015
I, [2020-10-22T14:54:48.482154 #16882]  INFO -- : reaped #<Process::Status: pid 16883 exit 0> worker=0
I, [2020-10-22T14:54:48.482350 #16882]  INFO -- : reaped #<Process::Status: pid 16884 exit 0> worker=1
Exception `Errno::ECHILD' at /home/euikook/.rvm/gems/ruby-2.6.0/gems/unicorn-5.7.0/lib/unicorn/http_server.rb:401 - No child processes
I, [2020-10-22T14:54:48.482541 #16882]  INFO -- : master complete
Exception `Errno::ENOENT' at /home/euikook/.rvm/gems/ruby-2.6.0/gems/unicorn-5.7.0/lib/unicorn/http_server.rb:783 - No such file or directory @ rb_sysopen - ./run/unicorn.pid
Exception `Errno::EACCES' at /home/euikook/.rvm/gems/ruby-2.6.0/gems/unicorn-5.7.0/lib/unicorn/socket_helper.rb:165 - Permission denied - bind(2) for 0.0.0.0:80
F, [2020-10-22T15:08:48.100871 #18692] FATAL -- : error adding listener addr=0.0.0.0:80
Exception `Errno::EACCES' at /home/euikook/.rvm/gems/ruby-2.6.0/gems/unicorn-5.7.0/lib/unicorn/http_server.rb:261 - Permission denied - bind(2) for 0.0.0.0:80
Exception `Errno::EACCES' at /home/euikook/.rvm/gems/ruby-2.6.0/bin/unicorn:23 - Permission denied - bind(2) for 0.0.0.0:80
/home/euikook/.rvm/gems/ruby-2.6.0/gems/unicorn-5.7.0/lib/unicorn/socket_helper.rb:165:in `bind': Permission denied - bind(2) for 0.0.0.0:80 (Errno::EACCES)
	from /home/euikook/.rvm/gems/ruby-2.6.0/gems/unicorn-5.7.0/lib/unicorn/socket_helper.rb:165:in `new_tcp_server'
	from /home/euikook/.rvm/gems/ruby-2.6.0/gems/unicorn-5.7.0/lib/unicorn/socket_helper.rb:145:in `bind_listen'
	from /home/euikook/.rvm/gems/ruby-2.6.0/gems/unicorn-5.7.0/lib/unicorn/http_server.rb:243:in `listen'
	from /home/euikook/.rvm/gems/ruby-2.6.0/gems/unicorn-5.7.0/lib/unicorn/http_server.rb:878:in `block in bind_new_listeners!'
	from /home/euikook/.rvm/gems/ruby-2.6.0/gems/unicorn-5.7.0/lib/unicorn/http_server.rb:878:in `each'
	from /home/euikook/.rvm/gems/ruby-2.6.0/gems/unicorn-5.7.0/lib/unicorn/http_server.rb:878:in `bind_new_listeners!'
	from /home/euikook/.rvm/gems/ruby-2.6.0/gems/unicorn-5.7.0/lib/unicorn/http_server.rb:142:in `start'
	from /home/euikook/.rvm/gems/ruby-2.6.0/gems/unicorn-5.7.0/bin/unicorn:128:in `<top (required)>'
	from /home/euikook/.rvm/gems/ruby-2.6.0/bin/unicorn:23:in `load'
	from /home/euikook/.rvm/gems/ruby-2.6.0/bin/unicorn:23:in `<main>'
	from /home/euikook/.rvm/gems/ruby-2.6.0/bin/ruby_executable_hooks:24:in `eval'
	from /home/euikook/.rvm/gems/ruby-2.6.0/bin/ruby_executable_hooks:24:in `<main>'
Exception `Errno::ESRCH' at /home/euikook/.rvm/gems/ruby-2.6.0/gems/unicorn-5.7.0/lib/unicorn/http_server.rb:785 - No such process
I, [2020-10-22T15:09:21.025869 #18746]  INFO -- : listening on addr=0.0.0.0:9292 fd=10
I, [2020-10-22T15:09:21.025960 #18746]  INFO -- : worker=0 spawning...
I, [2020-10-22T15:09:21.026522 #18746]  INFO -- : worker=1 spawning...
I, [2020-10-22T15:09:21.026798 #18747]  INFO -- : worker=0 spawned pid=18747
I, [2020-10-22T15:09:21.026919 #18747]  INFO -- : Refreshing Gem list
I, [2020-10-22T15:09:21.027066 #18746]  INFO -- : master process ready
I, [2020-10-22T15:09:21.027390 #18748]  INFO -- : worker=1 spawned pid=18748
I, [2020-10-22T15:09:21.027530 #18748]  INFO -- : Refreshing Gem list
Using Ext extension for JSON.
Using Ext extension for JSON.
Exception `LoadError' at /home/euikook/.rvm/gems/ruby-2.6.0/gems/rugged-0.99.0/lib/rugged.rb:8 - cannot load such file -- rugged/2.6/rugged
Exception `LoadError' at /home/euikook/.rvm/gems/ruby-2.6.0/gems/rugged-0.99.0/lib/rugged.rb:8 - cannot load such file -- rugged/2.6/rugged
Exception `ArgumentError' at /home/euikook/.rvm/gems/ruby-2.6.0/gems/charlock_holmes-0.7.7/lib/charlock_holmes/encoding_detector.rb:68 - unknown encoding name - ISO-8859-8-I
Exception `ArgumentError' at /home/euikook/.rvm/gems/ruby-2.6.0/gems/charlock_holmes-0.7.7/lib/charlock_holmes/encoding_detector.rb:68 - unknown encoding name - ISO-8859-8-I
Exception `ArgumentError' at /home/euikook/.rvm/gems/ruby-2.6.0/gems/charlock_holmes-0.7.7/lib/charlock_holmes/encoding_detector.rb:68 - unknown encoding name - ISO-2022-KR
Exception `ArgumentError' at /home/euikook/.rvm/gems/ruby-2.6.0/gems/charlock_holmes-0.7.7/lib/charlock_holmes/encoding_detector.rb:68 - unknown encoding name - ISO-2022-CN
Exception `ArgumentError' at /home/euikook/.rvm/gems/ruby-2.6.0/gems/charlock_holmes-0.7.7/lib/charlock_holmes/encoding_detector.rb:68 - unknown encoding name - ISO-2022-KR
Exception `ArgumentError' at /home/euikook/.rvm/gems/ruby-2.6.0/gems/charlock_holmes-0.7.7/lib/charlock_holmes/encoding_detector.rb:68 - unknown encoding name - IBM424_rtl
Exception `ArgumentError' at /home/euikook/.rvm/gems/ruby-2.6.0/gems/charlock_holmes-0.7.7/lib/charlock_holmes/encoding_detector.rb:68 - unknown encoding name - ISO-2022-CN
Exception `ArgumentError' at /home/euikook/.rvm/gems/ruby-2.6.0/gems/charlock_holmes-0.7.7/lib/charlock_holmes/encoding_detector.rb:68 - unknown encoding name - IBM424_ltr
Exception `ArgumentError' at /home/euikook/.rvm/gems/ruby-2.6.0/gems/charlock_holmes-0.7.7/lib/charlock_holmes/encoding_detector.rb:68 - unknown encoding name - IBM420_rtl
Exception `ArgumentError' at /home/euikook/.rvm/gems/ruby-2.6.0/gems/charlock_holmes-0.7.7/lib/charlock_holmes/encoding_detector.rb:68 - unknown encoding name - IBM424_rtl
Exception `ArgumentError' at /home/euikook/.rvm/gems/ruby-2.6.0/gems/charlock_holmes-0.7.7/lib/charlock_holmes/encoding_detector.rb:68 - unknown encoding name - IBM420_ltr
Exception `ArgumentError' at /home/euikook/.rvm/gems/ruby-2.6.0/gems/charlock_holmes-0.7.7/lib/charlock_holmes/encoding_detector.rb:68 - unknown encoding name - IBM424_ltr
Exception `ArgumentError' at /home/euikook/.rvm/gems/ruby-2.6.0/gems/charlock_holmes-0.7.7/lib/charlock_holmes/encoding_detector.rb:68 - unknown encoding name - IBM420_rtl
Exception `ArgumentError' at /home/euikook/.rvm/gems/ruby-2.6.0/gems/charlock_holmes-0.7.7/lib/charlock_holmes/encoding_detector.rb:68 - unknown encoding name - IBM420_ltr
Exception `LoadError' at /home/euikook/.rvm/rubies/ruby-2.6.0/lib/ruby/2.6.0/psych.rb:14 - cannot load such file -- 2.6/psych.so
Exception `LoadError' at /home/euikook/.rvm/rubies/ruby-2.6.0/lib/ruby/2.6.0/psych.rb:14 - cannot load such file -- 2.6/psych.so
Exception `NameError' at /home/euikook/.rvm/rubies/ruby-2.6.0/lib/ruby/2.6.0/psych/class_loader.rb:68 - uninitialized constant BigDecimal
Exception `NameError' at /home/euikook/.rvm/rubies/ruby-2.6.0/lib/ruby/2.6.0/psych/class_loader.rb:68 - uninitialized constant BigDecimal
Exception `LoadError' at /home/euikook/.rvm/gems/ruby-2.6.0/gems/github-linguist-7.11.1/lib/linguist/language.rb:4 - cannot load such file -- yajl
Exception `LoadError' at /home/euikook/.rvm/gems/ruby-2.6.0/gems/github-linguist-7.11.1/lib/linguist/samples.rb:2 - cannot load such file -- yajl
Exception `LoadError' at /home/euikook/.rvm/gems/ruby-2.6.0/gems/github-linguist-7.11.1/lib/linguist/language.rb:4 - cannot load such file -- yajl
Exception `LoadError' at /home/euikook/.rvm/gems/ruby-2.6.0/gems/github-linguist-7.11.1/lib/linguist/samples.rb:2 - cannot load such file -- yajl
Exception `LoadError' at /home/euikook/.rvm/gems/ruby-2.6.0/gems/github-markup-3.0.4/lib/github/markup/command_implementation.rb:2 - cannot load such file -- posix-spawn
Exception `LoadError' at /home/euikook/.rvm/gems/ruby-2.6.0/gems/github-markup-3.0.4/lib/github/markup/command_implementation.rb:2 - cannot load such file -- posix-spawn
Exception `LoadError' at /home/euikook/.rvm/gems/ruby-2.6.0/gems/nokogiri-1.10.10/lib/nokogiri.rb:30 - cannot load such file -- nokogiri/2.6/nokogiri
Exception `LoadError' at /home/euikook/.rvm/gems/ruby-2.6.0/gems/nokogiri-1.10.10/lib/nokogiri.rb:30 - cannot load such file -- nokogiri/2.6/nokogiri
Exception `LoadError' at /home/euikook/.rvm/gems/ruby-2.6.0/gems/gollum-lib-5.0.6/lib/gollum-lib/markup.rb:10 - cannot load such file -- pygments
Exception `LoadError' at /home/euikook/.rvm/gems/ruby-2.6.0/gems/gollum-lib-5.0.6/lib/gollum-lib/filter/bibtex.rb:2 - cannot load such file -- bibtex
Exception `LoadError' at /home/euikook/.rvm/gems/ruby-2.6.0/gems/gollum-lib-5.0.6/lib/gollum-lib/markup.rb:10 - cannot load such file -- pygments
Exception `LoadError' at /home/euikook/.rvm/gems/ruby-2.6.0/gems/gollum-lib-5.0.6/lib/gollum-lib/filter/bibtex.rb:2 - cannot load such file -- bibtex
Exception `LoadError' at /home/euikook/.rvm/gems/ruby-2.6.0/gems/concurrent-ruby-1.1.7/lib/concurrent-ruby/concurrent/utility/native_extension_loader.rb:62 - cannot load such file -- concurrent/concurrent_ruby_ext
Exception `LoadError' at /home/euikook/.rvm/gems/ruby-2.6.0/gems/concurrent-ruby-1.1.7/lib/concurrent-ruby/concurrent/utility/native_extension_loader.rb:62 - cannot load such file -- concurrent/2.6/concurrent_ruby_ext
Exception `LoadError' at /home/euikook/.rvm/gems/ruby-2.6.0/gems/concurrent-ruby-1.1.7/lib/concurrent-ruby/concurrent/utility/native_extension_loader.rb:62 - cannot load such file -- concurrent/concurrent_ruby_ext
Exception `LoadError' at /home/euikook/.rvm/gems/ruby-2.6.0/gems/concurrent-ruby-1.1.7/lib/concurrent-ruby/concurrent/utility/native_extension_loader.rb:62 - cannot load such file -- concurrent/2.6/concurrent_ruby_ext
Exception `SyntaxError' at /home/euikook/.rvm/rubies/ruby-2.6.0/lib/ruby/2.6.0/forwardable/impl.rb:4 - <compiled>: syntax error, unexpected end-of-input
Exception `SyntaxError' at /home/euikook/.rvm/rubies/ruby-2.6.0/lib/ruby/2.6.0/forwardable/impl.rb:4 - <compiled>: syntax error, unexpected end-of-input
Exception `SyntaxError' at /home/euikook/.rvm/rubies/ruby-2.6.0/lib/ruby/2.6.0/forwardable/impl.rb:4 - <compiled>: syntax error, unexpected end-of-input
Exception `SyntaxError' at /home/euikook/.rvm/rubies/ruby-2.6.0/lib/ruby/2.6.0/forwardable/impl.rb:4 - <compiled>: syntax error, unexpected end-of-input
Exception `SyntaxError' at /home/euikook/.rvm/rubies/ruby-2.6.0/lib/ruby/2.6.0/forwardable/impl.rb:4 - <compiled>: syntax error, unexpected end-of-input
Exception `SyntaxError' at /home/euikook/.rvm/rubies/ruby-2.6.0/lib/ruby/2.6.0/forwardable/impl.rb:4 - <compiled>: syntax error, unexpected end-of-input
Exception `SyntaxError' at /home/euikook/.rvm/rubies/ruby-2.6.0/lib/ruby/2.6.0/forwardable/impl.rb:4 - <compiled>: syntax error, unexpected end-of-input
Exception `SyntaxError' at /home/euikook/.rvm/rubies/ruby-2.6.0/lib/ruby/2.6.0/forwardable/impl.rb:4 - <compiled>: syntax error, unexpected end-of-input
Exception `SyntaxError' at /home/euikook/.rvm/rubies/ruby-2.6.0/lib/ruby/2.6.0/forwardable/impl.rb:4 - <compiled>: syntax error, unexpected end-of-input
Exception `SyntaxError' at /home/euikook/.rvm/rubies/ruby-2.6.0/lib/ruby/2.6.0/forwardable/impl.rb:4 - <compiled>: syntax error, unexpected end-of-input
Exception `SyntaxError' at /home/euikook/.rvm/rubies/ruby-2.6.0/lib/ruby/2.6.0/forwardable/impl.rb:4 - <compiled>: syntax error, unexpected end-of-input
Exception `SyntaxError' at /home/euikook/.rvm/rubies/ruby-2.6.0/lib/ruby/2.6.0/forwardable/impl.rb:4 - <compiled>: syntax error, unexpected end-of-input
Exception `SyntaxError' at /home/euikook/.rvm/rubies/ruby-2.6.0/lib/ruby/2.6.0/forwardable/impl.rb:4 - <compiled>: syntax error, unexpected end-of-input
Exception `SyntaxError' at /home/euikook/.rvm/rubies/ruby-2.6.0/lib/ruby/2.6.0/forwardable/impl.rb:4 - <compiled>: syntax error, unexpected end-of-input
Exception `SyntaxError' at /home/euikook/.rvm/rubies/ruby-2.6.0/lib/ruby/2.6.0/forwardable/impl.rb:4 - <compiled>: syntax error, unexpected end-of-input
Exception `SyntaxError' at /home/euikook/.rvm/rubies/ruby-2.6.0/lib/ruby/2.6.0/forwardable/impl.rb:4 - <compiled>: syntax error, unexpected end-of-input
Exception `SyntaxError' at /home/euikook/.rvm/rubies/ruby-2.6.0/lib/ruby/2.6.0/forwardable/impl.rb:4 - <compiled>: syntax error, unexpected end-of-input
Exception `SyntaxError' at /home/euikook/.rvm/rubies/ruby-2.6.0/lib/ruby/2.6.0/forwardable/impl.rb:4 - <compiled>: syntax error, unexpected end-of-input
Exception `SyntaxError' at /home/euikook/.rvm/rubies/ruby-2.6.0/lib/ruby/2.6.0/forwardable/impl.rb:4 - <compiled>: syntax error, unexpected end-of-input
Exception `SyntaxError' at /home/euikook/.rvm/rubies/ruby-2.6.0/lib/ruby/2.6.0/forwardable/impl.rb:4 - <compiled>: syntax error, unexpected end-of-input
Exception `SyntaxError' at /home/euikook/.rvm/rubies/ruby-2.6.0/lib/ruby/2.6.0/forwardable/impl.rb:4 - <compiled>: syntax error, unexpected end-of-input
Exception `SyntaxError' at /home/euikook/.rvm/rubies/ruby-2.6.0/lib/ruby/2.6.0/forwardable/impl.rb:4 - <compiled>: syntax error, unexpected end-of-input
Exception `LoadError' at /home/euikook/.rvm/gems/ruby-2.6.0/gems/rss-0.2.9/lib/rss/xmlparser.rb:3 - cannot load such file -- xml/parser
Exception `LoadError' at /home/euikook/.rvm/gems/ruby-2.6.0/gems/rss-0.2.9/lib/rss/xmlparser.rb:5 - cannot load such file -- xmlparser
Exception `LoadError' at /home/euikook/.rvm/gems/ruby-2.6.0/gems/rss-0.2.9/lib/rss/parser.rb:580 - cannot load such file -- xmlparser
Exception `LoadError' at /home/euikook/.rvm/gems/ruby-2.6.0/gems/rss-0.2.9/lib/rss/xmlscanner.rb:2 - cannot load such file -- xmlscan/scanner
Exception `LoadError' at /home/euikook/.rvm/gems/ruby-2.6.0/gems/rss-0.2.9/lib/rss/parser.rb:580 - cannot load such file -- xmlscan/scanner
Exception `SyntaxError' at /home/euikook/.rvm/rubies/ruby-2.6.0/lib/ruby/2.6.0/forwardable/impl.rb:4 - <compiled>: syntax error, unexpected end-of-input
Exception `SyntaxError' at /home/euikook/.rvm/rubies/ruby-2.6.0/lib/ruby/2.6.0/forwardable/impl.rb:4 - <compiled>: syntax error, unexpected end-of-input
Exception `LoadError' at /home/euikook/.rvm/gems/ruby-2.6.0/gems/rss-0.2.9/lib/rss/xmlparser.rb:3 - cannot load such file -- xml/parser
Exception `LoadError' at /home/euikook/.rvm/gems/ruby-2.6.0/gems/rss-0.2.9/lib/rss/xmlparser.rb:5 - cannot load such file -- xmlparser
Exception `LoadError' at /home/euikook/.rvm/gems/ruby-2.6.0/gems/rss-0.2.9/lib/rss/parser.rb:580 - cannot load such file -- xmlparser
Exception `LoadError' at /home/euikook/.rvm/gems/ruby-2.6.0/gems/rss-0.2.9/lib/rss/xmlscanner.rb:2 - cannot load such file -- xmlscan/scanner
Exception `LoadError' at /home/euikook/.rvm/gems/ruby-2.6.0/gems/rss-0.2.9/lib/rss/parser.rb:580 - cannot load such file -- xmlscan/scanner
Exception `LoadError' at /home/euikook/.rvm/gems/ruby-2.6.0/gems/jwt-2.2.2/lib/jwt/signature.rb:12 - cannot load such file -- rbnacl
Exception `SyntaxError' at /home/euikook/.rvm/rubies/ruby-2.6.0/lib/ruby/2.6.0/forwardable/impl.rb:4 - <compiled>: syntax error, unexpected end-of-input
Exception `SyntaxError' at /home/euikook/.rvm/rubies/ruby-2.6.0/lib/ruby/2.6.0/forwardable/impl.rb:4 - <compiled>: syntax error, unexpected end-of-input
Exception `SyntaxError' at /home/euikook/.rvm/rubies/ruby-2.6.0/lib/ruby/2.6.0/forwardable/impl.rb:4 - <compiled>: syntax error, unexpected end-of-input
Exception `SyntaxError' at /home/euikook/.rvm/rubies/ruby-2.6.0/lib/ruby/2.6.0/forwardable/impl.rb:4 - <compiled>: syntax error, unexpected end-of-input
Exception `LoadError' at /home/euikook/.rvm/gems/ruby-2.6.0/gems/jwt-2.2.2/lib/jwt/signature.rb:12 - cannot load such file -- rbnacl
Exception `SyntaxError' at /home/euikook/.rvm/rubies/ruby-2.6.0/lib/ruby/2.6.0/forwardable/impl.rb:4 - <compiled>: syntax error, unexpected end-of-input
Exception `SyntaxError' at /home/euikook/.rvm/rubies/ruby-2.6.0/lib/ruby/2.6.0/forwardable/impl.rb:4 - <compiled>: syntax error, unexpected end-of-input
Exception `SyntaxError' at /home/euikook/.rvm/rubies/ruby-2.6.0/lib/ruby/2.6.0/forwardable/impl.rb:4 - <compiled>: syntax error, unexpected end-of-input
Exception `SyntaxError' at /home/euikook/.rvm/rubies/ruby-2.6.0/lib/ruby/2.6.0/forwardable/impl.rb:4 - <compiled>: syntax error, unexpected end-of-input
Exception `SyntaxError' at /home/euikook/.rvm/rubies/ruby-2.6.0/lib/ruby/2.6.0/forwardable/impl.rb:4 - <compiled>: syntax error, unexpected end-of-input
Exception `SyntaxError' at /home/euikook/.rvm/rubies/ruby-2.6.0/lib/ruby/2.6.0/forwardable/impl.rb:4 - <compiled>: syntax error, unexpected end-of-input
Exception `SyntaxError' at /home/euikook/.rvm/rubies/ruby-2.6.0/lib/ruby/2.6.0/forwardable/impl.rb:4 - <compiled>: syntax error, unexpected end-of-input
Exception `SyntaxError' at /home/euikook/.rvm/rubies/ruby-2.6.0/lib/ruby/2.6.0/forwardable/impl.rb:4 - <compiled>: syntax error, unexpected end-of-input
Exception `SyntaxError' at /home/euikook/.rvm/rubies/ruby-2.6.0/lib/ruby/2.6.0/forwardable/impl.rb:4 - <compiled>: syntax error, unexpected end-of-input
Exception `SyntaxError' at /home/euikook/.rvm/rubies/ruby-2.6.0/lib/ruby/2.6.0/forwardable/impl.rb:4 - <compiled>: syntax error, unexpected end-of-input
I, [2020-10-22T15:09:25.020721 #18748]  INFO -- : worker=1 ready
I, [2020-10-22T15:09:25.029434 #18747]  INFO -- : worker=0 ready
Exception `LoadError' at /home/euikook/.rvm/gems/ruby-2.6.0/gems/github-markup-3.0.4/lib/github/markup/markdown.rb:59 - cannot load such file -- commonmarker
127.0.0.1 - - [22/Oct/2020:15:09:32 +0900] "GET / HTTP/1.1" 302 - 0.0107
Exception `LoadError' at /home/euikook/.rvm/gems/ruby-2.6.0/gems/github-markup-3.0.4/lib/github/markup/markdown.rb:59 - cannot load such file -- commonmarker
Exception `NameError' at /home/euikook/.rvm/gems/ruby-2.6.0/gems/mustache-0.99.8/lib/mustache.rb:236 - uninitialized constant Precious::Views::Page
Exception `Errno::ENOENT' at /home/euikook/.rvm/gems/ruby-2.6.0/gems/sass-3.7.4/lib/sass/util.rb:679 - No such file or directory @ realpath_rec - /home/euikook/.rvm/gems/ruby-2.6.0/gems/gollum-5.1.1/lib/gollum/public/gollum/images
Exception `Errno::ENOENT' at /home/euikook/.rvm/gems/ruby-2.6.0/gems/sass-3.7.4/lib/sass/util.rb:679 - No such file or directory @ realpath_rec - /home/euikook/.rvm/gems/ruby-2.6.0/gems/gollum-5.1.1/lib/gollum/public/gollum/fonts
Exception `Errno::ENOENT' at /home/euikook/.rvm/gems/ruby-2.6.0/gems/sass-3.7.4/lib/sass/util.rb:679 - No such file or directory @ realpath_rec - /home/euikook/.rvm/gems/ruby-2.6.0/gems/gollum-5.1.1/lib/gollum/public/gollum/images
Exception `Errno::ENOENT' at /home/euikook/.rvm/gems/ruby-2.6.0/gems/sass-3.7.4/lib/sass/util.rb:679 - No such file or directory @ realpath_rec - /home/euikook/.rvm/gems/ruby-2.6.0/gems/gollum-5.1.1/lib/gollum/public/gollum/fonts
Exception `Sass::SyntaxError' at /home/euikook/.rvm/gems/ruby-2.6.0/gems/sass-3.7.4/lib/sass/scss/parser.rb:1308 - Invalid CSS after "": expected selector, was "0%"
Exception `Sass::SyntaxError' at /home/euikook/.rvm/gems/ruby-2.6.0/gems/sass-3.7.4/lib/sass/scss/parser.rb:1308 - Invalid CSS after "": expected selector, was "100%"
Exception `Sass::SyntaxError' at /home/euikook/.rvm/gems/ruby-2.6.0/gems/sass-3.7.4/lib/sass/scss/parser.rb:1308 - Invalid CSS after "": expected selector, was "0%"
Exception `Sass::SyntaxError' at /home/euikook/.rvm/gems/ruby-2.6.0/gems/sass-3.7.4/lib/sass/scss/parser.rb:1308 - Invalid CSS after "": expected selector, was "100%"
Exception `Sass::SyntaxError' at /home/euikook/.rvm/gems/ruby-2.6.0/gems/sass-3.7.4/lib/sass/scss/parser.rb:1308 - Invalid CSS after "": expected selector, was "0%"
Exception `Sass::SyntaxError' at /home/euikook/.rvm/gems/ruby-2.6.0/gems/sass-3.7.4/lib/sass/scss/parser.rb:1308 - Invalid CSS after "": expected selector, was "100%"
Exception `Sass::SyntaxError' at /home/euikook/.rvm/gems/ruby-2.6.0/gems/sass-3.7.4/lib/sass/scss/parser.rb:1308 - Invalid CSS after "": expected selector, was "0%"
Exception `Sass::SyntaxError' at /home/euikook/.rvm/gems/ruby-2.6.0/gems/sass-3.7.4/lib/sass/scss/parser.rb:1308 - Invalid CSS after "": expected selector, was "100%"
Exception `Sass::SyntaxError' at /home/euikook/.rvm/gems/ruby-2.6.0/gems/sass-3.7.4/lib/sass/scss/parser.rb:1308 - Invalid CSS after "": expected selector, was "0%"
Exception `Sass::SyntaxError' at /home/euikook/.rvm/gems/ruby-2.6.0/gems/sass-3.7.4/lib/sass/scss/parser.rb:1308 - Invalid CSS after "": expected selector, was "100%"
Exception `Sass::SyntaxError' at /home/euikook/.rvm/gems/ruby-2.6.0/gems/sass-3.7.4/lib/sass/scss/parser.rb:1308 - Invalid CSS after "": expected selector, was "0%"
Exception `Sass::SyntaxError' at /home/euikook/.rvm/gems/ruby-2.6.0/gems/sass-3.7.4/lib/sass/scss/parser.rb:1308 - Invalid CSS after "": expected selector, was "10%"
Exception `Sass::SyntaxError' at /home/euikook/.rvm/gems/ruby-2.6.0/gems/sass-3.7.4/lib/sass/scss/parser.rb:1308 - Invalid CSS after "": expected selector, was "100%"
Exception `Sass::SyntaxError' at /home/euikook/.rvm/gems/ruby-2.6.0/gems/sass-3.7.4/lib/sass/scss/parser.rb:1308 - Invalid CSS after "": expected selector, was "0%"
Exception `Sass::SyntaxError' at /home/euikook/.rvm/gems/ruby-2.6.0/gems/sass-3.7.4/lib/sass/scss/parser.rb:1308 - Invalid CSS after "": expected selector, was "50%"
Exception `Sass::SyntaxError' at /home/euikook/.rvm/gems/ruby-2.6.0/gems/sass-3.7.4/lib/sass/scss/parser.rb:1308 - Invalid CSS after "": expected selector, was "100%"
Exception `Errno::ENOENT' at /home/euikook/.rvm/gems/ruby-2.6.0/gems/sass-3.7.4/lib/sass/util.rb:679 - No such file or directory @ realpath_rec - /home/euikook/.rvm/gems/ruby-2.6.0/gems/gollum-5.1.1/lib/gollum/public/gollum/images
Exception `Errno::ENOENT' at /home/euikook/.rvm/gems/ruby-2.6.0/gems/sass-3.7.4/lib/sass/util.rb:679 - No such file or directory @ realpath_rec - /home/euikook/.rvm/gems/ruby-2.6.0/gems/gollum-5.1.1/lib/gollum/public/gollum/fonts
Exception `Errno::ENOENT' at /home/euikook/.rvm/gems/ruby-2.6.0/gems/sass-3.7.4/lib/sass/util.rb:679 - No such file or directory @ realpath_rec - /home/euikook/.rvm/gems/ruby-2.6.0/gems/gollum-5.1.1/lib/gollum/public/gollum/images
Exception `Errno::ENOENT' at /home/euikook/.rvm/gems/ruby-2.6.0/gems/sass-3.7.4/lib/sass/util.rb:679 - No such file or directory @ realpath_rec - /home/euikook/.rvm/gems/ruby-2.6.0/gems/gollum-5.1.1/lib/gollum/public/gollum/fonts
Exception `Errno::ENOENT' at /home/euikook/.rvm/gems/ruby-2.6.0/gems/sass-3.7.4/lib/sass/util.rb:679 - No such file or directory @ realpath_rec - /home/euikook/.rvm/gems/ruby-2.6.0/gems/gollum-5.1.1/lib/gollum/public/gollum/images
Exception `Errno::ENOENT' at /home/euikook/.rvm/gems/ruby-2.6.0/gems/sass-3.7.4/lib/sass/util.rb:679 - No such file or directory @ realpath_rec - /home/euikook/.rvm/gems/ruby-2.6.0/gems/gollum-5.1.1/lib/gollum/public/gollum/fonts
Exception `Errno::ENOENT' at /home/euikook/.rvm/gems/ruby-2.6.0/gems/sass-3.7.4/lib/sass/util.rb:679 - No such file or directory @ realpath_rec - /home/euikook/.rvm/gems/ruby-2.6.0/gems/gollum-5.1.1/lib/gollum/public/gollum/images
Exception `Errno::ENOENT' at /home/euikook/.rvm/gems/ruby-2.6.0/gems/sass-3.7.4/lib/sass/util.rb:679 - No such file or directory @ realpath_rec - /home/euikook/.rvm/gems/ruby-2.6.0/gems/gollum-5.1.1/lib/gollum/public/gollum/fonts
Exception `Errno::ENOENT' at /home/euikook/.rvm/gems/ruby-2.6.0/gems/sass-3.7.4/lib/sass/util.rb:679 - No such file or directory @ realpath_rec - /home/euikook/.rvm/gems/ruby-2.6.0/gems/gollum-5.1.1/lib/gollum/public/gollum/images
Exception `Errno::ENOENT' at /home/euikook/.rvm/gems/ruby-2.6.0/gems/sass-3.7.4/lib/sass/util.rb:679 - No such file or directory @ realpath_rec - /home/euikook/.rvm/gems/ruby-2.6.0/gems/gollum-5.1.1/lib/gollum/public/gollum/fonts
Exception `Errno::ENOENT' at /home/euikook/.rvm/gems/ruby-2.6.0/gems/sass-3.7.4/lib/sass/util.rb:679 - No such file or directory @ realpath_rec - /home/euikook/.rvm/gems/ruby-2.6.0/gems/gollum-5.1.1/lib/gollum/public/gollum/images
Exception `Errno::ENOENT' at /home/euikook/.rvm/gems/ruby-2.6.0/gems/sass-3.7.4/lib/sass/util.rb:679 - No such file or directory @ realpath_rec - /home/euikook/.rvm/gems/ruby-2.6.0/gems/gollum-5.1.1/lib/gollum/public/gollum/fonts
Exception `Errno::ENOENT' at /home/euikook/.rvm/gems/ruby-2.6.0/gems/sass-3.7.4/lib/sass/util.rb:679 - No such file or directory @ realpath_rec - /home/euikook/.rvm/gems/ruby-2.6.0/gems/gollum-5.1.1/lib/gollum/public/gollum/images
Exception `Errno::ENOENT' at /home/euikook/.rvm/gems/ruby-2.6.0/gems/sass-3.7.4/lib/sass/util.rb:679 - No such file or directory @ realpath_rec - /home/euikook/.rvm/gems/ruby-2.6.0/gems/gollum-5.1.1/lib/gollum/public/gollum/fonts
Exception `Sass::SyntaxError' at /home/euikook/.rvm/gems/ruby-2.6.0/gems/sass-3.7.4/lib/sass/scss/parser.rb:1308 - Invalid CSS after "": expected selector, was "0%"
Exception `Sass::SyntaxError' at /home/euikook/.rvm/gems/ruby-2.6.0/gems/sass-3.7.4/lib/sass/scss/parser.rb:1308 - Invalid CSS after "": expected selector, was "100%"
Exception `Sass::SyntaxError' at /home/euikook/.rvm/gems/ruby-2.6.0/gems/sass-3.7.4/lib/sass/scss/parser.rb:1308 - Invalid CSS after "": expected selector, was "0%"
Exception `Sass::SyntaxError' at /home/euikook/.rvm/gems/ruby-2.6.0/gems/sass-3.7.4/lib/sass/scss/parser.rb:1308 - Invalid CSS after "": expected selector, was "100%"
Exception `Sass::SyntaxError' at /home/euikook/.rvm/gems/ruby-2.6.0/gems/sass-3.7.4/lib/sass/scss/parser.rb:1308 - Invalid CSS after "": expected selector, was "0%"
Exception `Sass::SyntaxError' at /home/euikook/.rvm/gems/ruby-2.6.0/gems/sass-3.7.4/lib/sass/scss/parser.rb:1308 - Invalid CSS after "": expected selector, was "100%"
Exception `Sass::SyntaxError' at /home/euikook/.rvm/gems/ruby-2.6.0/gems/sass-3.7.4/lib/sass/scss/parser.rb:1308 - Invalid CSS after "": expected selector, was "0%"
Exception `Sass::SyntaxError' at /home/euikook/.rvm/gems/ruby-2.6.0/gems/sass-3.7.4/lib/sass/scss/parser.rb:1308 - Invalid CSS after "": expected selector, was "100%"
Exception `Sass::SyntaxError' at /home/euikook/.rvm/gems/ruby-2.6.0/gems/sass-3.7.4/lib/sass/scss/parser.rb:1308 - Invalid CSS after "": expected selector, was "0%"
Exception `Sass::SyntaxError' at /home/euikook/.rvm/gems/ruby-2.6.0/gems/sass-3.7.4/lib/sass/scss/parser.rb:1308 - Invalid CSS after "": expected selector, was "100%"
Exception `Sass::SyntaxError' at /home/euikook/.rvm/gems/ruby-2.6.0/gems/sass-3.7.4/lib/sass/scss/parser.rb:1308 - Invalid CSS after "": expected selector, was "0%"
Exception `Sass::SyntaxError' at /home/euikook/.rvm/gems/ruby-2.6.0/gems/sass-3.7.4/lib/sass/scss/parser.rb:1308 - Invalid CSS after "": expected selector, was "100%"
Exception `Sass::SyntaxError' at /home/euikook/.rvm/gems/ruby-2.6.0/gems/sass-3.7.4/lib/sass/scss/parser.rb:1308 - Invalid CSS after "": expected selector, was "0%"
Exception `Sass::SyntaxError' at /home/euikook/.rvm/gems/ruby-2.6.0/gems/sass-3.7.4/lib/sass/scss/parser.rb:1308 - Invalid CSS after "": expected selector, was "100%"
Exception `Sass::SyntaxError' at /home/euikook/.rvm/gems/ruby-2.6.0/gems/sass-3.7.4/lib/sass/scss/parser.rb:1308 - Invalid CSS after "": expected selector, was "0%"
Exception `Sass::SyntaxError' at /home/euikook/.rvm/gems/ruby-2.6.0/gems/sass-3.7.4/lib/sass/scss/parser.rb:1308 - Invalid CSS after "": expected selector, was "100%"
Exception `Sass::SyntaxError' at /home/euikook/.rvm/gems/ruby-2.6.0/gems/sass-3.7.4/lib/sass/scss/parser.rb:1308 - Invalid CSS after "": expected selector, was "0%"
Exception `Sass::SyntaxError' at /home/euikook/.rvm/gems/ruby-2.6.0/gems/sass-3.7.4/lib/sass/scss/parser.rb:1308 - Invalid CSS after "": expected selector, was "100%"
Exception `Sass::SyntaxError' at /home/euikook/.rvm/gems/ruby-2.6.0/gems/sass-3.7.4/lib/sass/scss/parser.rb:1308 - Invalid CSS after "": expected selector, was "0%"
Exception `Sass::SyntaxError' at /home/euikook/.rvm/gems/ruby-2.6.0/gems/sass-3.7.4/lib/sass/scss/parser.rb:1308 - Invalid CSS after "": expected selector, was "100%"
Exception `Sass::SyntaxError' at /home/euikook/.rvm/gems/ruby-2.6.0/gems/sass-3.7.4/lib/sass/scss/parser.rb:1308 - Invalid CSS after "": expected selector, was "0%"
Exception `Sass::SyntaxError' at /home/euikook/.rvm/gems/ruby-2.6.0/gems/sass-3.7.4/lib/sass/scss/parser.rb:1308 - Invalid CSS after "": expected selector, was "10%"
Exception `Sass::SyntaxError' at /home/euikook/.rvm/gems/ruby-2.6.0/gems/sass-3.7.4/lib/sass/scss/parser.rb:1308 - Invalid CSS after "": expected selector, was "100%"
Exception `Sass::SyntaxError' at /home/euikook/.rvm/gems/ruby-2.6.0/gems/sass-3.7.4/lib/sass/scss/parser.rb:1308 - Invalid CSS after "": expected selector, was "0%"
Exception `Sass::SyntaxError' at /home/euikook/.rvm/gems/ruby-2.6.0/gems/sass-3.7.4/lib/sass/scss/parser.rb:1308 - Invalid CSS after "": expected selector, was "50%"
Exception `Sass::SyntaxError' at /home/euikook/.rvm/gems/ruby-2.6.0/gems/sass-3.7.4/lib/sass/scss/parser.rb:1308 - Invalid CSS after "": expected selector, was "100%"
Exception `Sass::SyntaxError' at /home/euikook/.rvm/gems/ruby-2.6.0/gems/sass-3.7.4/lib/sass/scss/parser.rb:1308 - Invalid CSS after "": expected selector, was "0%"
Exception `Sass::SyntaxError' at /home/euikook/.rvm/gems/ruby-2.6.0/gems/sass-3.7.4/lib/sass/scss/parser.rb:1308 - Invalid CSS after "": expected selector, was "100%"
Exception `Sass::SyntaxError' at /home/euikook/.rvm/gems/ruby-2.6.0/gems/sass-3.7.4/lib/sass/scss/parser.rb:1308 - Invalid CSS after "": expected selector, was "0%"
Exception `Sass::SyntaxError' at /home/euikook/.rvm/gems/ruby-2.6.0/gems/sass-3.7.4/lib/sass/scss/parser.rb:1308 - Invalid CSS after "": expected selector, was "100%"
Exception `Sass::SyntaxError' at /home/euikook/.rvm/gems/ruby-2.6.0/gems/sass-3.7.4/lib/sass/scss/parser.rb:1308 - Invalid CSS after "": expected selector, was "0%"
Exception `Sass::SyntaxError' at /home/euikook/.rvm/gems/ruby-2.6.0/gems/sass-3.7.4/lib/sass/scss/parser.rb:1308 - Invalid CSS after "": expected selector, was "100%"
Exception `Sass::SyntaxError' at /home/euikook/.rvm/gems/ruby-2.6.0/gems/sass-3.7.4/lib/sass/scss/parser.rb:1308 - Invalid CSS after "": expected selector, was "0%"
Exception `Sass::SyntaxError' at /home/euikook/.rvm/gems/ruby-2.6.0/gems/sass-3.7.4/lib/sass/scss/parser.rb:1308 - Invalid CSS after "": expected selector, was "100%"
Exception `Sass::SyntaxError' at /home/euikook/.rvm/gems/ruby-2.6.0/gems/sass-3.7.4/lib/sass/scss/parser.rb:1308 - Invalid CSS after "": expected selector, was "0%"
Exception `Sass::SyntaxError' at /home/euikook/.rvm/gems/ruby-2.6.0/gems/sass-3.7.4/lib/sass/scss/parser.rb:1308 - Invalid CSS after "": expected selector, was "100%"
Exception `Errno::ENOENT' at /home/euikook/.rvm/gems/ruby-2.6.0/gems/sass-3.7.4/lib/sass/util.rb:679 - No such file or directory @ realpath_rec - /home/euikook/.rvm/gems/ruby-2.6.0/gems/gollum-5.1.1/lib/gollum/public/gollum/images
Exception `Errno::ENOENT' at /home/euikook/.rvm/gems/ruby-2.6.0/gems/sass-3.7.4/lib/sass/util.rb:679 - No such file or directory @ realpath_rec - /home/euikook/.rvm/gems/ruby-2.6.0/gems/gollum-5.1.1/lib/gollum/public/gollum/fonts
127.0.0.1 - - [22/Oct/2020:15:09:36 +0900] "GET /Home HTTP/1.1" 200 3455 3.8319
127.0.0.1 - - [22/Oct/2020:15:09:37 +0900] "GET /gollum/assets/app.js HTTP/1.1" 304 - 0.0057
127.0.0.1 - - [22/Oct/2020:15:09:37 +0900] "GET /gollum/assets/print.css HTTP/1.1" 304 - 0.0032
Exception `Errno::ENOENT' at /home/euikook/.rvm/gems/ruby-2.6.0/gems/sass-3.7.4/lib/sass/util.rb:679 - No such file or directory @ realpath_rec - /home/euikook/.rvm/gems/ruby-2.6.0/gems/gollum-5.1.1/lib/gollum/public/gollum/images
Exception `Errno::ENOENT' at /home/euikook/.rvm/gems/ruby-2.6.0/gems/sass-3.7.4/lib/sass/util.rb:679 - No such file or directory @ realpath_rec - /home/euikook/.rvm/gems/ruby-2.6.0/gems/gollum-5.1.1/lib/gollum/public/gollum/fonts
Exception `Errno::ENOENT' at /home/euikook/.rvm/gems/ruby-2.6.0/gems/sass-3.7.4/lib/sass/util.rb:679 - No such file or directory @ realpath_rec - /home/euikook/.rvm/gems/ruby-2.6.0/gems/gollum-5.1.1/lib/gollum/public/gollum/images
Exception `Errno::ENOENT' at /home/euikook/.rvm/gems/ruby-2.6.0/gems/sass-3.7.4/lib/sass/util.rb:679 - No such file or directory @ realpath_rec - /home/euikook/.rvm/gems/ruby-2.6.0/gems/gollum-5.1.1/lib/gollum/public/gollum/fonts
Exception `Sass::SyntaxError' at /home/euikook/.rvm/gems/ruby-2.6.0/gems/sass-3.7.4/lib/sass/scss/parser.rb:1308 - Invalid CSS after "": expected selector, was "0%"
Exception `Sass::SyntaxError' at /home/euikook/.rvm/gems/ruby-2.6.0/gems/sass-3.7.4/lib/sass/scss/parser.rb:1308 - Invalid CSS after "": expected selector, was "100%"
Exception `Sass::SyntaxError' at /home/euikook/.rvm/gems/ruby-2.6.0/gems/sass-3.7.4/lib/sass/scss/parser.rb:1308 - Invalid CSS after "": expected selector, was "0%"
Exception `Sass::SyntaxError' at /home/euikook/.rvm/gems/ruby-2.6.0/gems/sass-3.7.4/lib/sass/scss/parser.rb:1308 - Invalid CSS after "": expected selector, was "100%"
Exception `Sass::SyntaxError' at /home/euikook/.rvm/gems/ruby-2.6.0/gems/sass-3.7.4/lib/sass/scss/parser.rb:1308 - Invalid CSS after "": expected selector, was "0%"
Exception `Sass::SyntaxError' at /home/euikook/.rvm/gems/ruby-2.6.0/gems/sass-3.7.4/lib/sass/scss/parser.rb:1308 - Invalid CSS after "": expected selector, was "100%"
Exception `Sass::SyntaxError' at /home/euikook/.rvm/gems/ruby-2.6.0/gems/sass-3.7.4/lib/sass/scss/parser.rb:1308 - Invalid CSS after "": expected selector, was "0%"
Exception `Sass::SyntaxError' at /home/euikook/.rvm/gems/ruby-2.6.0/gems/sass-3.7.4/lib/sass/scss/parser.rb:1308 - Invalid CSS after "": expected selector, was "100%"
Exception `Sass::SyntaxError' at /home/euikook/.rvm/gems/ruby-2.6.0/gems/sass-3.7.4/lib/sass/scss/parser.rb:1308 - Invalid CSS after "": expected selector, was "0%"
Exception `Sass::SyntaxError' at /home/euikook/.rvm/gems/ruby-2.6.0/gems/sass-3.7.4/lib/sass/scss/parser.rb:1308 - Invalid CSS after "": expected selector, was "100%"
Exception `Sass::SyntaxError' at /home/euikook/.rvm/gems/ruby-2.6.0/gems/sass-3.7.4/lib/sass/scss/parser.rb:1308 - Invalid CSS after "": expected selector, was "0%"
Exception `Sass::SyntaxError' at /home/euikook/.rvm/gems/ruby-2.6.0/gems/sass-3.7.4/lib/sass/scss/parser.rb:1308 - Invalid CSS after "": expected selector, was "10%"
Exception `Sass::SyntaxError' at /home/euikook/.rvm/gems/ruby-2.6.0/gems/sass-3.7.4/lib/sass/scss/parser.rb:1308 - Invalid CSS after "": expected selector, was "100%"
Exception `Sass::SyntaxError' at /home/euikook/.rvm/gems/ruby-2.6.0/gems/sass-3.7.4/lib/sass/scss/parser.rb:1308 - Invalid CSS after "": expected selector, was "0%"
Exception `Sass::SyntaxError' at /home/euikook/.rvm/gems/ruby-2.6.0/gems/sass-3.7.4/lib/sass/scss/parser.rb:1308 - Invalid CSS after "": expected selector, was "50%"
Exception `Sass::SyntaxError' at /home/euikook/.rvm/gems/ruby-2.6.0/gems/sass-3.7.4/lib/sass/scss/parser.rb:1308 - Invalid CSS after "": expected selector, was "100%"
Exception `Errno::ENOENT' at /home/euikook/.rvm/gems/ruby-2.6.0/gems/sass-3.7.4/lib/sass/util.rb:679 - No such file or directory @ realpath_rec - /home/euikook/.rvm/gems/ruby-2.6.0/gems/gollum-5.1.1/lib/gollum/public/gollum/images
Exception `Errno::ENOENT' at /home/euikook/.rvm/gems/ruby-2.6.0/gems/sass-3.7.4/lib/sass/util.rb:679 - No such file or directory @ realpath_rec - /home/euikook/.rvm/gems/ruby-2.6.0/gems/gollum-5.1.1/lib/gollum/public/gollum/fonts
Exception `Errno::ENOENT' at /home/euikook/.rvm/gems/ruby-2.6.0/gems/sass-3.7.4/lib/sass/util.rb:679 - No such file or directory @ realpath_rec - /home/euikook/.rvm/gems/ruby-2.6.0/gems/gollum-5.1.1/lib/gollum/public/gollum/images
Exception `Errno::ENOENT' at /home/euikook/.rvm/gems/ruby-2.6.0/gems/sass-3.7.4/lib/sass/util.rb:679 - No such file or directory @ realpath_rec - /home/euikook/.rvm/gems/ruby-2.6.0/gems/gollum-5.1.1/lib/gollum/public/gollum/fonts
Exception `Errno::ENOENT' at /home/euikook/.rvm/gems/ruby-2.6.0/gems/sass-3.7.4/lib/sass/util.rb:679 - No such file or directory @ realpath_rec - /home/euikook/.rvm/gems/ruby-2.6.0/gems/gollum-5.1.1/lib/gollum/public/gollum/images
Exception `Errno::ENOENT' at /home/euikook/.rvm/gems/ruby-2.6.0/gems/sass-3.7.4/lib/sass/util.rb:679 - No such file or directory @ realpath_rec - /home/euikook/.rvm/gems/ruby-2.6.0/gems/gollum-5.1.1/lib/gollum/public/gollum/fonts
Exception `Errno::ENOENT' at /home/euikook/.rvm/gems/ruby-2.6.0/gems/sass-3.7.4/lib/sass/util.rb:679 - No such file or directory @ realpath_rec - /home/euikook/.rvm/gems/ruby-2.6.0/gems/gollum-5.1.1/lib/gollum/public/gollum/images
Exception `Errno::ENOENT' at /home/euikook/.rvm/gems/ruby-2.6.0/gems/sass-3.7.4/lib/sass/util.rb:679 - No such file or directory @ realpath_rec - /home/euikook/.rvm/gems/ruby-2.6.0/gems/gollum-5.1.1/lib/gollum/public/gollum/fonts
Exception `Errno::ENOENT' at /home/euikook/.rvm/gems/ruby-2.6.0/gems/sass-3.7.4/lib/sass/util.rb:679 - No such file or directory @ realpath_rec - /home/euikook/.rvm/gems/ruby-2.6.0/gems/gollum-5.1.1/lib/gollum/public/gollum/images
Exception `Errno::ENOENT' at /home/euikook/.rvm/gems/ruby-2.6.0/gems/sass-3.7.4/lib/sass/util.rb:679 - No such file or directory @ realpath_rec - /home/euikook/.rvm/gems/ruby-2.6.0/gems/gollum-5.1.1/lib/gollum/public/gollum/fonts
Exception `Errno::ENOENT' at /home/euikook/.rvm/gems/ruby-2.6.0/gems/sass-3.7.4/lib/sass/util.rb:679 - No such file or directory @ realpath_rec - /home/euikook/.rvm/gems/ruby-2.6.0/gems/gollum-5.1.1/lib/gollum/public/gollum/images
Exception `Errno::ENOENT' at /home/euikook/.rvm/gems/ruby-2.6.0/gems/sass-3.7.4/lib/sass/util.rb:679 - No such file or directory @ realpath_rec - /home/euikook/.rvm/gems/ruby-2.6.0/gems/gollum-5.1.1/lib/gollum/public/gollum/fonts
Exception `Errno::ENOENT' at /home/euikook/.rvm/gems/ruby-2.6.0/gems/sass-3.7.4/lib/sass/util.rb:679 - No such file or directory @ realpath_rec - /home/euikook/.rvm/gems/ruby-2.6.0/gems/gollum-5.1.1/lib/gollum/public/gollum/images
Exception `Errno::ENOENT' at /home/euikook/.rvm/gems/ruby-2.6.0/gems/sass-3.7.4/lib/sass/util.rb:679 - No such file or directory @ realpath_rec - /home/euikook/.rvm/gems/ruby-2.6.0/gems/gollum-5.1.1/lib/gollum/public/gollum/fonts
Exception `Sass::SyntaxError' at /home/euikook/.rvm/gems/ruby-2.6.0/gems/sass-3.7.4/lib/sass/scss/parser.rb:1308 - Invalid CSS after "": expected selector, was "0%"
Exception `Sass::SyntaxError' at /home/euikook/.rvm/gems/ruby-2.6.0/gems/sass-3.7.4/lib/sass/scss/parser.rb:1308 - Invalid CSS after "": expected selector, was "100%"
Exception `Sass::SyntaxError' at /home/euikook/.rvm/gems/ruby-2.6.0/gems/sass-3.7.4/lib/sass/scss/parser.rb:1308 - Invalid CSS after "": expected selector, was "0%"
Exception `Sass::SyntaxError' at /home/euikook/.rvm/gems/ruby-2.6.0/gems/sass-3.7.4/lib/sass/scss/parser.rb:1308 - Invalid CSS after "": expected selector, was "100%"
Exception `Sass::SyntaxError' at /home/euikook/.rvm/gems/ruby-2.6.0/gems/sass-3.7.4/lib/sass/scss/parser.rb:1308 - Invalid CSS after "": expected selector, was "0%"
Exception `Sass::SyntaxError' at /home/euikook/.rvm/gems/ruby-2.6.0/gems/sass-3.7.4/lib/sass/scss/parser.rb:1308 - Invalid CSS after "": expected selector, was "100%"
Exception `Sass::SyntaxError' at /home/euikook/.rvm/gems/ruby-2.6.0/gems/sass-3.7.4/lib/sass/scss/parser.rb:1308 - Invalid CSS after "": expected selector, was "0%"
Exception `Sass::SyntaxError' at /home/euikook/.rvm/gems/ruby-2.6.0/gems/sass-3.7.4/lib/sass/scss/parser.rb:1308 - Invalid CSS after "": expected selector, was "100%"
Exception `Sass::SyntaxError' at /home/euikook/.rvm/gems/ruby-2.6.0/gems/sass-3.7.4/lib/sass/scss/parser.rb:1308 - Invalid CSS after "": expected selector, was "0%"
Exception `Sass::SyntaxError' at /home/euikook/.rvm/gems/ruby-2.6.0/gems/sass-3.7.4/lib/sass/scss/parser.rb:1308 - Invalid CSS after "": expected selector, was "100%"
Exception `Sass::SyntaxError' at /home/euikook/.rvm/gems/ruby-2.6.0/gems/sass-3.7.4/lib/sass/scss/parser.rb:1308 - Invalid CSS after "": expected selector, was "0%"
Exception `Sass::SyntaxError' at /home/euikook/.rvm/gems/ruby-2.6.0/gems/sass-3.7.4/lib/sass/scss/parser.rb:1308 - Invalid CSS after "": expected selector, was "100%"
Exception `Sass::SyntaxError' at /home/euikook/.rvm/gems/ruby-2.6.0/gems/sass-3.7.4/lib/sass/scss/parser.rb:1308 - Invalid CSS after "": expected selector, was "0%"
Exception `Sass::SyntaxError' at /home/euikook/.rvm/gems/ruby-2.6.0/gems/sass-3.7.4/lib/sass/scss/parser.rb:1308 - Invalid CSS after "": expected selector, was "100%"
Exception `Sass::SyntaxError' at /home/euikook/.rvm/gems/ruby-2.6.0/gems/sass-3.7.4/lib/sass/scss/parser.rb:1308 - Invalid CSS after "": expected selector, was "0%"
Exception `Sass::SyntaxError' at /home/euikook/.rvm/gems/ruby-2.6.0/gems/sass-3.7.4/lib/sass/scss/parser.rb:1308 - Invalid CSS after "": expected selector, was "100%"
Exception `Sass::SyntaxError' at /home/euikook/.rvm/gems/ruby-2.6.0/gems/sass-3.7.4/lib/sass/scss/parser.rb:1308 - Invalid CSS after "": expected selector, was "0%"
Exception `Sass::SyntaxError' at /home/euikook/.rvm/gems/ruby-2.6.0/gems/sass-3.7.4/lib/sass/scss/parser.rb:1308 - Invalid CSS after "": expected selector, was "100%"
Exception `Sass::SyntaxError' at /home/euikook/.rvm/gems/ruby-2.6.0/gems/sass-3.7.4/lib/sass/scss/parser.rb:1308 - Invalid CSS after "": expected selector, was "0%"
Exception `Sass::SyntaxError' at /home/euikook/.rvm/gems/ruby-2.6.0/gems/sass-3.7.4/lib/sass/scss/parser.rb:1308 - Invalid CSS after "": expected selector, was "100%"
Exception `Sass::SyntaxError' at /home/euikook/.rvm/gems/ruby-2.6.0/gems/sass-3.7.4/lib/sass/scss/parser.rb:1308 - Invalid CSS after "": expected selector, was "0%"
Exception `Sass::SyntaxError' at /home/euikook/.rvm/gems/ruby-2.6.0/gems/sass-3.7.4/lib/sass/scss/parser.rb:1308 - Invalid CSS after "": expected selector, was "10%"
Exception `Sass::SyntaxError' at /home/euikook/.rvm/gems/ruby-2.6.0/gems/sass-3.7.4/lib/sass/scss/parser.rb:1308 - Invalid CSS after "": expected selector, was "100%"
Exception `Sass::SyntaxError' at /home/euikook/.rvm/gems/ruby-2.6.0/gems/sass-3.7.4/lib/sass/scss/parser.rb:1308 - Invalid CSS after "": expected selector, was "0%"
Exception `Sass::SyntaxError' at /home/euikook/.rvm/gems/ruby-2.6.0/gems/sass-3.7.4/lib/sass/scss/parser.rb:1308 - Invalid CSS after "": expected selector, was "50%"
Exception `Sass::SyntaxError' at /home/euikook/.rvm/gems/ruby-2.6.0/gems/sass-3.7.4/lib/sass/scss/parser.rb:1308 - Invalid CSS after "": expected selector, was "100%"
Exception `Sass::SyntaxError' at /home/euikook/.rvm/gems/ruby-2.6.0/gems/sass-3.7.4/lib/sass/scss/parser.rb:1308 - Invalid CSS after "": expected selector, was "0%"
Exception `Sass::SyntaxError' at /home/euikook/.rvm/gems/ruby-2.6.0/gems/sass-3.7.4/lib/sass/scss/parser.rb:1308 - Invalid CSS after "": expected selector, was "100%"
Exception `Sass::SyntaxError' at /home/euikook/.rvm/gems/ruby-2.6.0/gems/sass-3.7.4/lib/sass/scss/parser.rb:1308 - Invalid CSS after "": expected selector, was "0%"
Exception `Sass::SyntaxError' at /home/euikook/.rvm/gems/ruby-2.6.0/gems/sass-3.7.4/lib/sass/scss/parser.rb:1308 - Invalid CSS after "": expected selector, was "100%"
Exception `Sass::SyntaxError' at /home/euikook/.rvm/gems/ruby-2.6.0/gems/sass-3.7.4/lib/sass/scss/parser.rb:1308 - Invalid CSS after "": expected selector, was "0%"
Exception `Sass::SyntaxError' at /home/euikook/.rvm/gems/ruby-2.6.0/gems/sass-3.7.4/lib/sass/scss/parser.rb:1308 - Invalid CSS after "": expected selector, was "100%"
Exception `Sass::SyntaxError' at /home/euikook/.rvm/gems/ruby-2.6.0/gems/sass-3.7.4/lib/sass/scss/parser.rb:1308 - Invalid CSS after "": expected selector, was "0%"
Exception `Sass::SyntaxError' at /home/euikook/.rvm/gems/ruby-2.6.0/gems/sass-3.7.4/lib/sass/scss/parser.rb:1308 - Invalid CSS after "": expected selector, was "100%"
Exception `Sass::SyntaxError' at /home/euikook/.rvm/gems/ruby-2.6.0/gems/sass-3.7.4/lib/sass/scss/parser.rb:1308 - Invalid CSS after "": expected selector, was "0%"
Exception `Sass::SyntaxError' at /home/euikook/.rvm/gems/ruby-2.6.0/gems/sass-3.7.4/lib/sass/scss/parser.rb:1308 - Invalid CSS after "": expected selector, was "100%"
127.0.0.1 - - [22/Oct/2020:15:09:40 +0900] "GET /gollum/assets/app.css HTTP/1.1" 304 - 3.5167
127.0.0.1 - - [22/Oct/2020:15:09:40 +0900] "GET /favicon.ico HTTP/1.1" 403 - 0.0012
Exception `NameError' at /home/euikook/.rvm/gems/ruby-2.6.0/gems/mustache-0.99.8/lib/mustache.rb:236 - uninitialized constant Precious::Views::Overview
127.0.0.1 - - [22/Oct/2020:15:09:44 +0900] "GET /gollum/overview HTTP/1.1" 200 26548 0.0456
127.0.0.1 - - [22/Oct/2020:15:09:44 +0900] "GET /gollum/assets/app.css HTTP/1.1" 304 - 0.0040
127.0.0.1 - - [22/Oct/2020:15:09:44 +0900] "GET /gollum/assets/app.js HTTP/1.1" 304 - 0.0036
127.0.0.1 - - [22/Oct/2020:15:09:44 +0900] "GET /gollum/assets/print.css HTTP/1.1" 304 - 0.0020
127.0.0.1 - - [22/Oct/2020:15:09:44 +0900] "GET /favicon.ico HTTP/1.1" 403 - 0.0013
Exception `LoadError' at /home/euikook/.rvm/gems/ruby-2.6.0/gems/github-markup-3.0.4/lib/github/markup/markdown.rb:59 - cannot load such file -- commonmarker
Exception `LoadError' at /home/euikook/.rvm/gems/ruby-2.6.0/gems/github-markup-3.0.4/lib/github/markup/markdown.rb:59 - cannot load such file -- commonmarker
Exception `NameError' at /home/euikook/.rvm/gems/ruby-2.6.0/gems/mustache-0.99.8/lib/mustache.rb:236 - uninitialized constant Precious::Views::Page
Exception `Errno::ENOENT' at /home/euikook/.rvm/gems/ruby-2.6.0/gems/sass-3.7.4/lib/sass/util.rb:679 - No such file or directory @ realpath_rec - /home/euikook/.rvm/gems/ruby-2.6.0/gems/gollum-5.1.1/lib/gollum/public/gollum/images
Exception `Errno::ENOENT' at /home/euikook/.rvm/gems/ruby-2.6.0/gems/sass-3.7.4/lib/sass/util.rb:679 - No such file or directory @ realpath_rec - /home/euikook/.rvm/gems/ruby-2.6.0/gems/gollum-5.1.1/lib/gollum/public/gollum/fonts
127.0.0.1 - - [22/Oct/2020:15:09:46 +0900] "GET /About.md HTTP/1.1" 200 3146 0.0506
127.0.0.1 - - [22/Oct/2020:15:09:46 +0900] "GET /gollum/assets/app.css HTTP/1.1" 304 - 0.0029
127.0.0.1 - - [22/Oct/2020:15:09:46 +0900] "GET /gollum/assets/app.js HTTP/1.1" 304 - 0.0032
127.0.0.1 - - [22/Oct/2020:15:09:46 +0900] "GET /gollum/assets/print.css HTTP/1.1" 304 - 0.0019
127.0.0.1 - - [22/Oct/2020:15:09:46 +0900] "GET /favicon.ico HTTP/1.1" 403 - 0.0013
127.0.0.1 - - [22/Oct/2020:15:09:47 +0900] "GET /favicon.ico HTTP/1.1" 403 - 0.0013
127.0.0.1 - - [22/Oct/2020:15:09:48 +0900] "GET /Home.md HTTP/1.1" 200 3455 0.0467
127.0.0.1 - - [22/Oct/2020:15:09:48 +0900] "GET /gollum/assets/app.css HTTP/1.1" 304 - 0.0046
127.0.0.1 - - [22/Oct/2020:15:09:48 +0900] "GET /gollum/assets/app.js HTTP/1.1" 304 - 0.0043
127.0.0.1 - - [22/Oct/2020:15:09:48 +0900] "GET /gollum/assets/print.css HTTP/1.1" 304 - 0.0021
127.0.0.1 - - [22/Oct/2020:15:09:48 +0900] "GET /favicon.ico HTTP/1.1" 403 - 0.0013
127.0.0.1 - - [22/Oct/2020:15:09:49 +0900] "GET /favicon.ico HTTP/1.1" 403 - 0.0013
127.0.0.1 - - [22/Oct/2020:15:09:50 +0900] "GET /Insync-3.x-auto-start-with-xvfb-and-systemctl.md HTTP/1.1" 200 4989 0.0494
127.0.0.1 - - [22/Oct/2020:15:09:50 +0900] "GET /gollum/assets/app.css HTTP/1.1" 304 - 0.0028
127.0.0.1 - - [22/Oct/2020:15:09:50 +0900] "GET /gollum/assets/app.js HTTP/1.1" 304 - 0.0042
127.0.0.1 - - [22/Oct/2020:15:09:50 +0900] "GET /gollum/assets/print.css HTTP/1.1" 304 - 0.0019
127.0.0.1 - - [22/Oct/2020:15:09:50 +0900] "GET /favicon.ico HTTP/1.1" 403 - 0.0012
127.0.0.1 - - [22/Oct/2020:15:09:50 +0900] "GET /favicon.ico HTTP/1.1" 403 - 0.0012
127.0.0.1 - - [22/Oct/2020:15:09:51 +0900] "GET /Home.md HTTP/1.1" 200 3455 0.0344
127.0.0.1 - - [22/Oct/2020:15:09:51 +0900] "GET /gollum/assets/app.css HTTP/1.1" 304 - 0.0028
127.0.0.1 - - [22/Oct/2020:15:09:51 +0900] "GET /gollum/assets/app.js HTTP/1.1" 304 - 0.0044
127.0.0.1 - - [22/Oct/2020:15:09:51 +0900] "GET /gollum/assets/print.css HTTP/1.1" 304 - 0.0019
127.0.0.1 - - [22/Oct/2020:15:09:51 +0900] "GET /favicon.ico HTTP/1.1" 403 - 0.0013
127.0.0.1 - - [22/Oct/2020:15:09:53 +0900] "GET / HTTP/1.1" 302 - 0.0035
127.0.0.1 - - [22/Oct/2020:15:09:53 +0900] "GET /Home HTTP/1.1" 200 3455 0.0328
127.0.0.1 - - [22/Oct/2020:15:09:53 +0900] "GET /gollum/assets/app.css HTTP/1.1" 304 - 0.0038
127.0.0.1 - - [22/Oct/2020:15:09:53 +0900] "GET /gollum/assets/app.js HTTP/1.1" 304 - 0.0039
127.0.0.1 - - [22/Oct/2020:15:09:53 +0900] "GET /gollum/assets/print.css HTTP/1.1" 304 - 0.0022
127.0.0.1 - - [22/Oct/2020:15:09:53 +0900] "GET /favicon.ico HTTP/1.1" 403 - 0.0015
127.0.0.1 - - [22/Oct/2020:15:09:58 +0900] "GET /About HTTP/1.1" 200 3146 0.0250
127.0.0.1 - - [22/Oct/2020:15:09:58 +0900] "GET /gollum/assets/app.css HTTP/1.1" 304 - 0.0048
127.0.0.1 - - [22/Oct/2020:15:09:58 +0900] "GET /gollum/assets/app.js HTTP/1.1" 304 - 0.0048
127.0.0.1 - - [22/Oct/2020:15:09:58 +0900] "GET /gollum/assets/print.css HTTP/1.1" 304 - 0.0023
127.0.0.1 - - [22/Oct/2020:15:09:58 +0900] "GET /favicon.ico HTTP/1.1" 403 - 0.0018
Exception `NameError' at /home/euikook/.rvm/gems/ruby-2.6.0/gems/mustache-0.99.8/lib/mustache.rb:236 - uninitialized constant Precious::Views::Overview
127.0.0.1 - - [22/Oct/2020:15:10:02 +0900] "GET /gollum/overview HTTP/1.1" 200 26548 0.0522
127.0.0.1 - - [22/Oct/2020:15:10:02 +0900] "GET /gollum/assets/app.js HTTP/1.1" 304 - 0.0034
127.0.0.1 - - [22/Oct/2020:15:10:02 +0900] "GET /gollum/assets/app.css HTTP/1.1" 304 - 0.0043
127.0.0.1 - - [22/Oct/2020:15:10:02 +0900] "GET /gollum/assets/print.css HTTP/1.1" 304 - 0.0020
127.0.0.1 - - [22/Oct/2020:15:10:02 +0900] "GET /favicon.ico HTTP/1.1" 403 - 0.0018
127.0.0.1 - - [22/Oct/2020:15:10:16 +0900] "GET /gollum/create/asdf HTTP/1.1" 302 - 0.0037
127.0.0.1 - - [22/Oct/2020:15:10:16 +0900] "GET /__omnigollum__/auth/google_oauth2?origin=%2Fgollum%2Fcreate%2Fasdf HTTP/1.1" 302 350 0.0044
127.0.0.1 - - [22/Oct/2020:15:10:21 +0900] "GET /favicon.ico HTTP/1.1" 403 - 0.0013
127.0.0.1 - - [22/Oct/2020:15:10:22 +0900] "GET /favicon.ico HTTP/1.1" 403 - 0.0012
127.0.0.1 - - [22/Oct/2020:15:10:25 +0900] "GET / HTTP/1.1" 302 - 0.0031
127.0.0.1 - - [22/Oct/2020:15:10:25 +0900] "GET /Home HTTP/1.1" 200 3455 0.0234
127.0.0.1 - - [22/Oct/2020:15:10:25 +0900] "GET /gollum/assets/app.css HTTP/1.1" 304 - 0.0029
127.0.0.1 - - [22/Oct/2020:15:10:25 +0900] "GET /gollum/assets/app.js HTTP/1.1" 304 - 0.0040
127.0.0.1 - - [22/Oct/2020:15:10:25 +0900] "GET /gollum/assets/print.css HTTP/1.1" 304 - 0.0023
127.0.0.1 - - [22/Oct/2020:15:10:25 +0900] "GET /favicon.ico HTTP/1.1" 403 - 0.0013
127.0.0.1 - - [22/Oct/2020:15:10:26 +0900] "GET / HTTP/1.1" 302 - 0.0024
127.0.0.1 - - [22/Oct/2020:15:10:26 +0900] "GET /Home HTTP/1.1" 200 3455 0.0271
127.0.0.1 - - [22/Oct/2020:15:10:26 +0900] "GET /gollum/assets/app.css HTTP/1.1" 304 - 0.0041
127.0.0.1 - - [22/Oct/2020:15:10:26 +0900] "GET /gollum/assets/app.js HTTP/1.1" 304 - 0.0039
127.0.0.1 - - [22/Oct/2020:15:10:26 +0900] "GET /gollum/assets/print.css HTTP/1.1" 304 - 0.0019
127.0.0.1 - - [22/Oct/2020:15:10:26 +0900] "GET /favicon.ico HTTP/1.1" 403 - 0.0019
127.0.0.1 - - [22/Oct/2020:15:10:26 +0900] "GET / HTTP/1.1" 302 - 0.0040
127.0.0.1 - - [22/Oct/2020:15:10:26 +0900] "GET /Home HTTP/1.1" 200 3455 0.0331
127.0.0.1 - - [22/Oct/2020:15:10:26 +0900] "GET /gollum/assets/app.css HTTP/1.1" 304 - 0.0029
127.0.0.1 - - [22/Oct/2020:15:10:26 +0900] "GET /gollum/assets/app.js HTTP/1.1" 304 - 0.0029
127.0.0.1 - - [22/Oct/2020:15:10:26 +0900] "GET /gollum/assets/print.css HTTP/1.1" 304 - 0.0024
127.0.0.1 - - [22/Oct/2020:15:10:27 +0900] "GET /favicon.ico HTTP/1.1" 403 - 0.0019
127.0.0.1 - - [22/Oct/2020:15:10:29 +0900] "GET / HTTP/1.1" 302 - 0.0016
127.0.0.1 - - [22/Oct/2020:15:10:29 +0900] "GET /Home HTTP/1.1" 200 3455 0.0170
127.0.0.1 - - [22/Oct/2020:15:10:29 +0900] "GET /gollum/assets/app.css HTTP/1.1" 304 - 0.0034
127.0.0.1 - - [22/Oct/2020:15:10:29 +0900] "GET /gollum/assets/app.js HTTP/1.1" 304 - 0.0039
127.0.0.1 - - [22/Oct/2020:15:10:29 +0900] "GET /gollum/assets/print.css HTTP/1.1" 304 - 0.0022
127.0.0.1 - - [22/Oct/2020:15:10:29 +0900] "GET /favicon.ico HTTP/1.1" 403 - 0.0013
127.0.0.1 - - [22/Oct/2020:15:19:44 +0900] "GET /gollum/overview HTTP/1.1" 200 26548 0.0274
127.0.0.1 - - [22/Oct/2020:15:19:44 +0900] "GET /gollum/assets/app.css HTTP/1.1" 304 - 0.0032
127.0.0.1 - - [22/Oct/2020:15:19:44 +0900] "GET /gollum/assets/app.js HTTP/1.1" 304 - 0.0039
127.0.0.1 - - [22/Oct/2020:15:19:44 +0900] "GET /gollum/assets/print.css HTTP/1.1" 304 - 0.0029
127.0.0.1 - - [22/Oct/2020:15:19:44 +0900] "GET /favicon.ico HTTP/1.1" 403 - 0.0012
127.0.0.1 - - [22/Oct/2020:15:19:46 +0900] "GET / HTTP/1.1" 302 - 0.0028
127.0.0.1 - - [22/Oct/2020:15:19:46 +0900] "GET /Home HTTP/1.1" 200 3455 0.0331
127.0.0.1 - - [22/Oct/2020:15:19:46 +0900] "GET /gollum/assets/app.css HTTP/1.1" 304 - 0.0037
127.0.0.1 - - [22/Oct/2020:15:19:46 +0900] "GET /gollum/assets/app.js HTTP/1.1" 304 - 0.0041
127.0.0.1 - - [22/Oct/2020:15:19:46 +0900] "GET /gollum/assets/print.css HTTP/1.1" 304 - 0.0019
127.0.0.1 - - [22/Oct/2020:15:19:46 +0900] "GET /favicon.ico HTTP/1.1" 403 - 0.0013
127.0.0.1 - - [22/Oct/2020:15:19:48 +0900] "GET /gollum/overview HTTP/1.1" 200 26548 0.0324
127.0.0.1 - - [22/Oct/2020:15:19:48 +0900] "GET /gollum/assets/app.js HTTP/1.1" 304 - 0.0031
127.0.0.1 - - [22/Oct/2020:15:19:48 +0900] "GET /gollum/assets/app.css HTTP/1.1" 304 - 0.0043
127.0.0.1 - - [22/Oct/2020:15:19:48 +0900] "GET /gollum/assets/print.css HTTP/1.1" 304 - 0.0022
127.0.0.1 - - [22/Oct/2020:15:19:48 +0900] "GET /favicon.ico HTTP/1.1" 403 - 0.0013
I, [2020-10-22T15:23:25.917220 #18746]  INFO -- : reaped #<Process::Status: pid 18747 exit 0> worker=0
I, [2020-10-22T15:23:25.917483 #18746]  INFO -- : reaped #<Process::Status: pid 18748 exit 0> worker=1
Exception `Errno::ECHILD' at /home/euikook/.rvm/gems/ruby-2.6.0/gems/unicorn-5.7.0/lib/unicorn/http_server.rb:401 - No child processes
I, [2020-10-22T15:23:25.917759 #18746]  INFO -- : master complete
Exception `Errno::ENOENT' at /home/euikook/.rvm/gems/ruby-2.6.0/gems/unicorn-5.7.0/lib/unicorn/http_server.rb:783 - No such file or directory @ rb_sysopen - ./run/unicorn.pid
Exception `ArgumentError' at /home/euikook/.rvm/gems/ruby-2.6.0/gems/unicorn-5.7.0/lib/unicorn/socket_helper.rb:147 - Don't know how to bind: ./run/unicorn.sock
F, [2020-10-22T15:23:57.345406 #19978] FATAL -- : error adding listener addr=./run/unicorn.sock
Exception `ArgumentError' at /home/euikook/.rvm/gems/ruby-2.6.0/gems/unicorn-5.7.0/lib/unicorn/http_server.rb:261 - Don't know how to bind: ./run/unicorn.sock
Exception `ArgumentError' at /home/euikook/.rvm/gems/ruby-2.6.0/bin/unicorn:23 - Don't know how to bind: ./run/unicorn.sock
/home/euikook/.rvm/gems/ruby-2.6.0/gems/unicorn-5.7.0/lib/unicorn/socket_helper.rb:147:in `bind_listen': Don't know how to bind: ./run/unicorn.sock (ArgumentError)
	from /home/euikook/.rvm/gems/ruby-2.6.0/gems/unicorn-5.7.0/lib/unicorn/http_server.rb:243:in `listen'
	from /home/euikook/.rvm/gems/ruby-2.6.0/gems/unicorn-5.7.0/lib/unicorn/http_server.rb:878:in `block in bind_new_listeners!'
	from /home/euikook/.rvm/gems/ruby-2.6.0/gems/unicorn-5.7.0/lib/unicorn/http_server.rb:878:in `each'
	from /home/euikook/.rvm/gems/ruby-2.6.0/gems/unicorn-5.7.0/lib/unicorn/http_server.rb:878:in `bind_new_listeners!'
	from /home/euikook/.rvm/gems/ruby-2.6.0/gems/unicorn-5.7.0/lib/unicorn/http_server.rb:142:in `start'
	from /home/euikook/.rvm/gems/ruby-2.6.0/gems/unicorn-5.7.0/bin/unicorn:128:in `<top (required)>'
	from /home/euikook/.rvm/gems/ruby-2.6.0/bin/unicorn:23:in `load'
	from /home/euikook/.rvm/gems/ruby-2.6.0/bin/unicorn:23:in `<main>'
	from /home/euikook/.rvm/gems/ruby-2.6.0/bin/ruby_executable_hooks:24:in `eval'
	from /home/euikook/.rvm/gems/ruby-2.6.0/bin/ruby_executable_hooks:24:in `<main>'
Exception `Errno::ESRCH' at /home/euikook/.rvm/gems/ruby-2.6.0/gems/unicorn-5.7.0/lib/unicorn/http_server.rb:785 - No such process
Exception `ArgumentError' at /home/euikook/.rvm/gems/ruby-2.6.0/gems/unicorn-5.7.0/lib/unicorn/socket_helper.rb:147 - Don't know how to bind: ./run/unicorn.sock
F, [2020-10-22T15:24:38.910493 #20029] FATAL -- : error adding listener addr=./run/unicorn.sock
Exception `ArgumentError' at /home/euikook/.rvm/gems/ruby-2.6.0/gems/unicorn-5.7.0/lib/unicorn/http_server.rb:261 - Don't know how to bind: ./run/unicorn.sock
Exception `ArgumentError' at /home/euikook/.rvm/gems/ruby-2.6.0/bin/unicorn:23 - Don't know how to bind: ./run/unicorn.sock
/home/euikook/.rvm/gems/ruby-2.6.0/gems/unicorn-5.7.0/lib/unicorn/socket_helper.rb:147:in `bind_listen': Don't know how to bind: ./run/unicorn.sock (ArgumentError)
	from /home/euikook/.rvm/gems/ruby-2.6.0/gems/unicorn-5.7.0/lib/unicorn/http_server.rb:243:in `listen'
	from /home/euikook/.rvm/gems/ruby-2.6.0/gems/unicorn-5.7.0/lib/unicorn/http_server.rb:878:in `block in bind_new_listeners!'
	from /home/euikook/.rvm/gems/ruby-2.6.0/gems/unicorn-5.7.0/lib/unicorn/http_server.rb:878:in `each'
	from /home/euikook/.rvm/gems/ruby-2.6.0/gems/unicorn-5.7.0/lib/unicorn/http_server.rb:878:in `bind_new_listeners!'
	from /home/euikook/.rvm/gems/ruby-2.6.0/gems/unicorn-5.7.0/lib/unicorn/http_server.rb:142:in `start'
	from /home/euikook/.rvm/gems/ruby-2.6.0/gems/unicorn-5.7.0/bin/unicorn:128:in `<top (required)>'
	from /home/euikook/.rvm/gems/ruby-2.6.0/bin/unicorn:23:in `load'
	from /home/euikook/.rvm/gems/ruby-2.6.0/bin/unicorn:23:in `<main>'
	from /home/euikook/.rvm/gems/ruby-2.6.0/bin/ruby_executable_hooks:24:in `eval'
	from /home/euikook/.rvm/gems/ruby-2.6.0/bin/ruby_executable_hooks:24:in `<main>'
Exception `Errno::ESRCH' at /home/euikook/.rvm/gems/ruby-2.6.0/gems/unicorn-5.7.0/lib/unicorn/http_server.rb:785 - No such process
I, [2020-10-22T15:26:06.958206 #20211]  INFO -- : listening on addr=/home/euikook/working/euikook/posts/run/unicorn.sock fd=10
I, [2020-10-22T15:26:06.958288 #20211]  INFO -- : worker=0 spawning...
I, [2020-10-22T15:26:06.958838 #20211]  INFO -- : worker=1 spawning...
I, [2020-10-22T15:26:06.959128 #20212]  INFO -- : worker=0 spawned pid=20212
I, [2020-10-22T15:26:06.959237 #20212]  INFO -- : Refreshing Gem list
I, [2020-10-22T15:26:06.959320 #20211]  INFO -- : master process ready
I, [2020-10-22T15:26:06.959584 #20213]  INFO -- : worker=1 spawned pid=20213
I, [2020-10-22T15:26:06.959684 #20213]  INFO -- : Refreshing Gem list
Using Ext extension for JSON.
Using Ext extension for JSON.
Exception `LoadError' at /home/euikook/.rvm/gems/ruby-2.6.0/gems/rugged-0.99.0/lib/rugged.rb:8 - cannot load such file -- rugged/2.6/rugged
Exception `LoadError' at /home/euikook/.rvm/gems/ruby-2.6.0/gems/rugged-0.99.0/lib/rugged.rb:8 - cannot load such file -- rugged/2.6/rugged
Exception `ArgumentError' at /home/euikook/.rvm/gems/ruby-2.6.0/gems/charlock_holmes-0.7.7/lib/charlock_holmes/encoding_detector.rb:68 - unknown encoding name - ISO-8859-8-I
Exception `ArgumentError' at /home/euikook/.rvm/gems/ruby-2.6.0/gems/charlock_holmes-0.7.7/lib/charlock_holmes/encoding_detector.rb:68 - unknown encoding name - ISO-8859-8-I
Exception `ArgumentError' at /home/euikook/.rvm/gems/ruby-2.6.0/gems/charlock_holmes-0.7.7/lib/charlock_holmes/encoding_detector.rb:68 - unknown encoding name - ISO-2022-KR
Exception `ArgumentError' at /home/euikook/.rvm/gems/ruby-2.6.0/gems/charlock_holmes-0.7.7/lib/charlock_holmes/encoding_detector.rb:68 - unknown encoding name - ISO-2022-CN
Exception `ArgumentError' at /home/euikook/.rvm/gems/ruby-2.6.0/gems/charlock_holmes-0.7.7/lib/charlock_holmes/encoding_detector.rb:68 - unknown encoding name - ISO-2022-KR
Exception `ArgumentError' at /home/euikook/.rvm/gems/ruby-2.6.0/gems/charlock_holmes-0.7.7/lib/charlock_holmes/encoding_detector.rb:68 - unknown encoding name - IBM424_rtl
Exception `ArgumentError' at /home/euikook/.rvm/gems/ruby-2.6.0/gems/charlock_holmes-0.7.7/lib/charlock_holmes/encoding_detector.rb:68 - unknown encoding name - ISO-2022-CN
Exception `ArgumentError' at /home/euikook/.rvm/gems/ruby-2.6.0/gems/charlock_holmes-0.7.7/lib/charlock_holmes/encoding_detector.rb:68 - unknown encoding name - IBM424_ltr
Exception `ArgumentError' at /home/euikook/.rvm/gems/ruby-2.6.0/gems/charlock_holmes-0.7.7/lib/charlock_holmes/encoding_detector.rb:68 - unknown encoding name - IBM424_rtl
Exception `ArgumentError' at /home/euikook/.rvm/gems/ruby-2.6.0/gems/charlock_holmes-0.7.7/lib/charlock_holmes/encoding_detector.rb:68 - unknown encoding name - IBM420_rtl
Exception `ArgumentError' at /home/euikook/.rvm/gems/ruby-2.6.0/gems/charlock_holmes-0.7.7/lib/charlock_holmes/encoding_detector.rb:68 - unknown encoding name - IBM424_ltr
Exception `ArgumentError' at /home/euikook/.rvm/gems/ruby-2.6.0/gems/charlock_holmes-0.7.7/lib/charlock_holmes/encoding_detector.rb:68 - unknown encoding name - IBM420_rtl
Exception `ArgumentError' at /home/euikook/.rvm/gems/ruby-2.6.0/gems/charlock_holmes-0.7.7/lib/charlock_holmes/encoding_detector.rb:68 - unknown encoding name - IBM420_ltr
Exception `ArgumentError' at /home/euikook/.rvm/gems/ruby-2.6.0/gems/charlock_holmes-0.7.7/lib/charlock_holmes/encoding_detector.rb:68 - unknown encoding name - IBM420_ltr
Exception `LoadError' at /home/euikook/.rvm/rubies/ruby-2.6.0/lib/ruby/2.6.0/psych.rb:14 - cannot load such file -- 2.6/psych.so
Exception `LoadError' at /home/euikook/.rvm/rubies/ruby-2.6.0/lib/ruby/2.6.0/psych.rb:14 - cannot load such file -- 2.6/psych.so
Exception `NameError' at /home/euikook/.rvm/rubies/ruby-2.6.0/lib/ruby/2.6.0/psych/class_loader.rb:68 - uninitialized constant BigDecimal
Exception `NameError' at /home/euikook/.rvm/rubies/ruby-2.6.0/lib/ruby/2.6.0/psych/class_loader.rb:68 - uninitialized constant BigDecimal
Exception `LoadError' at /home/euikook/.rvm/gems/ruby-2.6.0/gems/github-linguist-7.11.1/lib/linguist/language.rb:4 - cannot load such file -- yajl
Exception `LoadError' at /home/euikook/.rvm/gems/ruby-2.6.0/gems/github-linguist-7.11.1/lib/linguist/language.rb:4 - cannot load such file -- yajl
Exception `LoadError' at /home/euikook/.rvm/gems/ruby-2.6.0/gems/github-linguist-7.11.1/lib/linguist/samples.rb:2 - cannot load such file -- yajl
Exception `LoadError' at /home/euikook/.rvm/gems/ruby-2.6.0/gems/github-linguist-7.11.1/lib/linguist/samples.rb:2 - cannot load such file -- yajl
Exception `LoadError' at /home/euikook/.rvm/gems/ruby-2.6.0/gems/github-markup-3.0.4/lib/github/markup/command_implementation.rb:2 - cannot load such file -- posix-spawn
Exception `LoadError' at /home/euikook/.rvm/gems/ruby-2.6.0/gems/github-markup-3.0.4/lib/github/markup/command_implementation.rb:2 - cannot load such file -- posix-spawn
Exception `LoadError' at /home/euikook/.rvm/gems/ruby-2.6.0/gems/nokogiri-1.10.10/lib/nokogiri.rb:30 - cannot load such file -- nokogiri/2.6/nokogiri
Exception `LoadError' at /home/euikook/.rvm/gems/ruby-2.6.0/gems/nokogiri-1.10.10/lib/nokogiri.rb:30 - cannot load such file -- nokogiri/2.6/nokogiri
Exception `LoadError' at /home/euikook/.rvm/gems/ruby-2.6.0/gems/gollum-lib-5.0.6/lib/gollum-lib/markup.rb:10 - cannot load such file -- pygments
Exception `LoadError' at /home/euikook/.rvm/gems/ruby-2.6.0/gems/gollum-lib-5.0.6/lib/gollum-lib/filter/bibtex.rb:2 - cannot load such file -- bibtex
Exception `LoadError' at /home/euikook/.rvm/gems/ruby-2.6.0/gems/gollum-lib-5.0.6/lib/gollum-lib/markup.rb:10 - cannot load such file -- pygments
Exception `LoadError' at /home/euikook/.rvm/gems/ruby-2.6.0/gems/gollum-lib-5.0.6/lib/gollum-lib/filter/bibtex.rb:2 - cannot load such file -- bibtex
Exception `LoadError' at /home/euikook/.rvm/gems/ruby-2.6.0/gems/concurrent-ruby-1.1.7/lib/concurrent-ruby/concurrent/utility/native_extension_loader.rb:62 - cannot load such file -- concurrent/concurrent_ruby_ext
Exception `LoadError' at /home/euikook/.rvm/gems/ruby-2.6.0/gems/concurrent-ruby-1.1.7/lib/concurrent-ruby/concurrent/utility/native_extension_loader.rb:62 - cannot load such file -- concurrent/2.6/concurrent_ruby_ext
Exception `LoadError' at /home/euikook/.rvm/gems/ruby-2.6.0/gems/concurrent-ruby-1.1.7/lib/concurrent-ruby/concurrent/utility/native_extension_loader.rb:62 - cannot load such file -- concurrent/concurrent_ruby_ext
Exception `LoadError' at /home/euikook/.rvm/gems/ruby-2.6.0/gems/concurrent-ruby-1.1.7/lib/concurrent-ruby/concurrent/utility/native_extension_loader.rb:62 - cannot load such file -- concurrent/2.6/concurrent_ruby_ext
Exception `SyntaxError' at /home/euikook/.rvm/rubies/ruby-2.6.0/lib/ruby/2.6.0/forwardable/impl.rb:4 - <compiled>: syntax error, unexpected end-of-input
Exception `SyntaxError' at /home/euikook/.rvm/rubies/ruby-2.6.0/lib/ruby/2.6.0/forwardable/impl.rb:4 - <compiled>: syntax error, unexpected end-of-input
Exception `SyntaxError' at /home/euikook/.rvm/rubies/ruby-2.6.0/lib/ruby/2.6.0/forwardable/impl.rb:4 - <compiled>: syntax error, unexpected end-of-input
Exception `SyntaxError' at /home/euikook/.rvm/rubies/ruby-2.6.0/lib/ruby/2.6.0/forwardable/impl.rb:4 - <compiled>: syntax error, unexpected end-of-input
Exception `SyntaxError' at /home/euikook/.rvm/rubies/ruby-2.6.0/lib/ruby/2.6.0/forwardable/impl.rb:4 - <compiled>: syntax error, unexpected end-of-input
Exception `SyntaxError' at /home/euikook/.rvm/rubies/ruby-2.6.0/lib/ruby/2.6.0/forwardable/impl.rb:4 - <compiled>: syntax error, unexpected end-of-input
Exception `SyntaxError' at /home/euikook/.rvm/rubies/ruby-2.6.0/lib/ruby/2.6.0/forwardable/impl.rb:4 - <compiled>: syntax error, unexpected end-of-input
Exception `SyntaxError' at /home/euikook/.rvm/rubies/ruby-2.6.0/lib/ruby/2.6.0/forwardable/impl.rb:4 - <compiled>: syntax error, unexpected end-of-input
Exception `SyntaxError' at /home/euikook/.rvm/rubies/ruby-2.6.0/lib/ruby/2.6.0/forwardable/impl.rb:4 - <compiled>: syntax error, unexpected end-of-input
Exception `SyntaxError' at /home/euikook/.rvm/rubies/ruby-2.6.0/lib/ruby/2.6.0/forwardable/impl.rb:4 - <compiled>: syntax error, unexpected end-of-input
Exception `SyntaxError' at /home/euikook/.rvm/rubies/ruby-2.6.0/lib/ruby/2.6.0/forwardable/impl.rb:4 - <compiled>: syntax error, unexpected end-of-input
Exception `SyntaxError' at /home/euikook/.rvm/rubies/ruby-2.6.0/lib/ruby/2.6.0/forwardable/impl.rb:4 - <compiled>: syntax error, unexpected end-of-input
Exception `SyntaxError' at /home/euikook/.rvm/rubies/ruby-2.6.0/lib/ruby/2.6.0/forwardable/impl.rb:4 - <compiled>: syntax error, unexpected end-of-input
Exception `SyntaxError' at /home/euikook/.rvm/rubies/ruby-2.6.0/lib/ruby/2.6.0/forwardable/impl.rb:4 - <compiled>: syntax error, unexpected end-of-input
Exception `SyntaxError' at /home/euikook/.rvm/rubies/ruby-2.6.0/lib/ruby/2.6.0/forwardable/impl.rb:4 - <compiled>: syntax error, unexpected end-of-input
Exception `SyntaxError' at /home/euikook/.rvm/rubies/ruby-2.6.0/lib/ruby/2.6.0/forwardable/impl.rb:4 - <compiled>: syntax error, unexpected end-of-input
Exception `SyntaxError' at /home/euikook/.rvm/rubies/ruby-2.6.0/lib/ruby/2.6.0/forwardable/impl.rb:4 - <compiled>: syntax error, unexpected end-of-input
Exception `SyntaxError' at /home/euikook/.rvm/rubies/ruby-2.6.0/lib/ruby/2.6.0/forwardable/impl.rb:4 - <compiled>: syntax error, unexpected end-of-input
Exception `SyntaxError' at /home/euikook/.rvm/rubies/ruby-2.6.0/lib/ruby/2.6.0/forwardable/impl.rb:4 - <compiled>: syntax error, unexpected end-of-input
Exception `SyntaxError' at /home/euikook/.rvm/rubies/ruby-2.6.0/lib/ruby/2.6.0/forwardable/impl.rb:4 - <compiled>: syntax error, unexpected end-of-input
Exception `SyntaxError' at /home/euikook/.rvm/rubies/ruby-2.6.0/lib/ruby/2.6.0/forwardable/impl.rb:4 - <compiled>: syntax error, unexpected end-of-input
Exception `SyntaxError' at /home/euikook/.rvm/rubies/ruby-2.6.0/lib/ruby/2.6.0/forwardable/impl.rb:4 - <compiled>: syntax error, unexpected end-of-input
Exception `LoadError' at /home/euikook/.rvm/gems/ruby-2.6.0/gems/rss-0.2.9/lib/rss/xmlparser.rb:3 - cannot load such file -- xml/parser
Exception `LoadError' at /home/euikook/.rvm/gems/ruby-2.6.0/gems/rss-0.2.9/lib/rss/xmlparser.rb:5 - cannot load such file -- xmlparser
Exception `LoadError' at /home/euikook/.rvm/gems/ruby-2.6.0/gems/rss-0.2.9/lib/rss/parser.rb:580 - cannot load such file -- xmlparser
Exception `LoadError' at /home/euikook/.rvm/gems/ruby-2.6.0/gems/rss-0.2.9/lib/rss/xmlscanner.rb:2 - cannot load such file -- xmlscan/scanner
Exception `LoadError' at /home/euikook/.rvm/gems/ruby-2.6.0/gems/rss-0.2.9/lib/rss/parser.rb:580 - cannot load such file -- xmlscan/scanner
Exception `SyntaxError' at /home/euikook/.rvm/rubies/ruby-2.6.0/lib/ruby/2.6.0/forwardable/impl.rb:4 - <compiled>: syntax error, unexpected end-of-input
Exception `SyntaxError' at /home/euikook/.rvm/rubies/ruby-2.6.0/lib/ruby/2.6.0/forwardable/impl.rb:4 - <compiled>: syntax error, unexpected end-of-input
Exception `LoadError' at /home/euikook/.rvm/gems/ruby-2.6.0/gems/rss-0.2.9/lib/rss/xmlparser.rb:3 - cannot load such file -- xml/parser
Exception `LoadError' at /home/euikook/.rvm/gems/ruby-2.6.0/gems/rss-0.2.9/lib/rss/xmlparser.rb:5 - cannot load such file -- xmlparser
Exception `LoadError' at /home/euikook/.rvm/gems/ruby-2.6.0/gems/rss-0.2.9/lib/rss/parser.rb:580 - cannot load such file -- xmlparser
Exception `LoadError' at /home/euikook/.rvm/gems/ruby-2.6.0/gems/rss-0.2.9/lib/rss/xmlscanner.rb:2 - cannot load such file -- xmlscan/scanner
Exception `LoadError' at /home/euikook/.rvm/gems/ruby-2.6.0/gems/rss-0.2.9/lib/rss/parser.rb:580 - cannot load such file -- xmlscan/scanner
Exception `LoadError' at /home/euikook/.rvm/gems/ruby-2.6.0/gems/jwt-2.2.2/lib/jwt/signature.rb:12 - cannot load such file -- rbnacl
Exception `SyntaxError' at /home/euikook/.rvm/rubies/ruby-2.6.0/lib/ruby/2.6.0/forwardable/impl.rb:4 - <compiled>: syntax error, unexpected end-of-input
Exception `SyntaxError' at /home/euikook/.rvm/rubies/ruby-2.6.0/lib/ruby/2.6.0/forwardable/impl.rb:4 - <compiled>: syntax error, unexpected end-of-input
Exception `SyntaxError' at /home/euikook/.rvm/rubies/ruby-2.6.0/lib/ruby/2.6.0/forwardable/impl.rb:4 - <compiled>: syntax error, unexpected end-of-input
Exception `SyntaxError' at /home/euikook/.rvm/rubies/ruby-2.6.0/lib/ruby/2.6.0/forwardable/impl.rb:4 - <compiled>: syntax error, unexpected end-of-input
Exception `LoadError' at /home/euikook/.rvm/gems/ruby-2.6.0/gems/jwt-2.2.2/lib/jwt/signature.rb:12 - cannot load such file -- rbnacl
Exception `SyntaxError' at /home/euikook/.rvm/rubies/ruby-2.6.0/lib/ruby/2.6.0/forwardable/impl.rb:4 - <compiled>: syntax error, unexpected end-of-input
Exception `SyntaxError' at /home/euikook/.rvm/rubies/ruby-2.6.0/lib/ruby/2.6.0/forwardable/impl.rb:4 - <compiled>: syntax error, unexpected end-of-input
Exception `SyntaxError' at /home/euikook/.rvm/rubies/ruby-2.6.0/lib/ruby/2.6.0/forwardable/impl.rb:4 - <compiled>: syntax error, unexpected end-of-input
Exception `SyntaxError' at /home/euikook/.rvm/rubies/ruby-2.6.0/lib/ruby/2.6.0/forwardable/impl.rb:4 - <compiled>: syntax error, unexpected end-of-input
Exception `SyntaxError' at /home/euikook/.rvm/rubies/ruby-2.6.0/lib/ruby/2.6.0/forwardable/impl.rb:4 - <compiled>: syntax error, unexpected end-of-input
Exception `SyntaxError' at /home/euikook/.rvm/rubies/ruby-2.6.0/lib/ruby/2.6.0/forwardable/impl.rb:4 - <compiled>: syntax error, unexpected end-of-input
Exception `SyntaxError' at /home/euikook/.rvm/rubies/ruby-2.6.0/lib/ruby/2.6.0/forwardable/impl.rb:4 - <compiled>: syntax error, unexpected end-of-input
Exception `SyntaxError' at /home/euikook/.rvm/rubies/ruby-2.6.0/lib/ruby/2.6.0/forwardable/impl.rb:4 - <compiled>: syntax error, unexpected end-of-input
Exception `SyntaxError' at /home/euikook/.rvm/rubies/ruby-2.6.0/lib/ruby/2.6.0/forwardable/impl.rb:4 - <compiled>: syntax error, unexpected end-of-input
Exception `SyntaxError' at /home/euikook/.rvm/rubies/ruby-2.6.0/lib/ruby/2.6.0/forwardable/impl.rb:4 - <compiled>: syntax error, unexpected end-of-input
I, [2020-10-22T15:26:10.528308 #20213]  INFO -- : worker=1 ready
I, [2020-10-22T15:26:10.537087 #20212]  INFO -- : worker=0 ready
I, [2020-10-22T15:26:13.428114 #20211]  INFO -- : SIGWINCH ignored because we're not daemonized
I, [2020-10-22T15:26:20.801057 #20211]  INFO -- : reaped #<Process::Status: pid 20212 exit 0> worker=0
I, [2020-10-22T15:26:20.801348 #20211]  INFO -- : reaped #<Process::Status: pid 20213 exit 0> worker=1
Exception `Errno::ECHILD' at /home/euikook/.rvm/gems/ruby-2.6.0/gems/unicorn-5.7.0/lib/unicorn/http_server.rb:401 - No child processes
I, [2020-10-22T15:26:20.801566 #20211]  INFO -- : master complete
Exception `Errno::ENOENT' at /home/euikook/.rvm/gems/ruby-2.6.0/gems/unicorn-5.7.0/lib/unicorn/http_server.rb:783 - No such file or directory @ rb_sysopen - ./run/unicorn.pid
Exception `Errno::ECONNREFUSED' at /home/euikook/.rvm/gems/ruby-2.6.0/gems/unicorn-5.7.0/lib/unicorn/socket_helper.rb:124 - Connection refused - connect(2) for /home/euikook/working/euikook/posts/run/unicorn.sock
I, [2020-10-22T15:27:12.980932 #24565]  INFO -- : unlinking existing socket=/home/euikook/working/euikook/posts/run/unicorn.sock
I, [2020-10-22T15:27:12.981071 #24565]  INFO -- : listening on addr=/home/euikook/working/euikook/posts/run/unicorn.sock fd=10
I, [2020-10-22T15:27:12.981150 #24565]  INFO -- : worker=0 spawning...
I, [2020-10-22T15:27:12.981716 #24565]  INFO -- : worker=1 spawning...
I, [2020-10-22T15:27:12.982091 #24568]  INFO -- : worker=0 spawned pid=24568
I, [2020-10-22T15:27:12.982266 #24568]  INFO -- : Refreshing Gem list
I, [2020-10-22T15:27:12.982281 #24565]  INFO -- : master process ready
I, [2020-10-22T15:27:12.982665 #24569]  INFO -- : worker=1 spawned pid=24569
I, [2020-10-22T15:27:12.982839 #24569]  INFO -- : Refreshing Gem list
Using Ext extension for JSON.
Using Ext extension for JSON.
Exception `LoadError' at /home/euikook/.rvm/gems/ruby-2.6.0/gems/rugged-0.99.0/lib/rugged.rb:8 - cannot load such file -- rugged/2.6/rugged
Exception `LoadError' at /home/euikook/.rvm/gems/ruby-2.6.0/gems/rugged-0.99.0/lib/rugged.rb:8 - cannot load such file -- rugged/2.6/rugged
Exception `ArgumentError' at /home/euikook/.rvm/gems/ruby-2.6.0/gems/charlock_holmes-0.7.7/lib/charlock_holmes/encoding_detector.rb:68 - unknown encoding name - ISO-8859-8-I
Exception `ArgumentError' at /home/euikook/.rvm/gems/ruby-2.6.0/gems/charlock_holmes-0.7.7/lib/charlock_holmes/encoding_detector.rb:68 - unknown encoding name - ISO-8859-8-I
Exception `ArgumentError' at /home/euikook/.rvm/gems/ruby-2.6.0/gems/charlock_holmes-0.7.7/lib/charlock_holmes/encoding_detector.rb:68 - unknown encoding name - ISO-2022-KR
Exception `ArgumentError' at /home/euikook/.rvm/gems/ruby-2.6.0/gems/charlock_holmes-0.7.7/lib/charlock_holmes/encoding_detector.rb:68 - unknown encoding name - ISO-2022-CN
Exception `ArgumentError' at /home/euikook/.rvm/gems/ruby-2.6.0/gems/charlock_holmes-0.7.7/lib/charlock_holmes/encoding_detector.rb:68 - unknown encoding name - IBM424_rtl
Exception `ArgumentError' at /home/euikook/.rvm/gems/ruby-2.6.0/gems/charlock_holmes-0.7.7/lib/charlock_holmes/encoding_detector.rb:68 - unknown encoding name - IBM424_ltr
Exception `ArgumentError' at /home/euikook/.rvm/gems/ruby-2.6.0/gems/charlock_holmes-0.7.7/lib/charlock_holmes/encoding_detector.rb:68 - unknown encoding name - ISO-2022-KR
Exception `ArgumentError' at /home/euikook/.rvm/gems/ruby-2.6.0/gems/charlock_holmes-0.7.7/lib/charlock_holmes/encoding_detector.rb:68 - unknown encoding name - IBM420_rtl
Exception `ArgumentError' at /home/euikook/.rvm/gems/ruby-2.6.0/gems/charlock_holmes-0.7.7/lib/charlock_holmes/encoding_detector.rb:68 - unknown encoding name - ISO-2022-CN
Exception `ArgumentError' at /home/euikook/.rvm/gems/ruby-2.6.0/gems/charlock_holmes-0.7.7/lib/charlock_holmes/encoding_detector.rb:68 - unknown encoding name - IBM424_rtl
Exception `ArgumentError' at /home/euikook/.rvm/gems/ruby-2.6.0/gems/charlock_holmes-0.7.7/lib/charlock_holmes/encoding_detector.rb:68 - unknown encoding name - IBM420_ltr
Exception `ArgumentError' at /home/euikook/.rvm/gems/ruby-2.6.0/gems/charlock_holmes-0.7.7/lib/charlock_holmes/encoding_detector.rb:68 - unknown encoding name - IBM424_ltr
Exception `ArgumentError' at /home/euikook/.rvm/gems/ruby-2.6.0/gems/charlock_holmes-0.7.7/lib/charlock_holmes/encoding_detector.rb:68 - unknown encoding name - IBM420_rtl
Exception `ArgumentError' at /home/euikook/.rvm/gems/ruby-2.6.0/gems/charlock_holmes-0.7.7/lib/charlock_holmes/encoding_detector.rb:68 - unknown encoding name - IBM420_ltr
Exception `LoadError' at /home/euikook/.rvm/rubies/ruby-2.6.0/lib/ruby/2.6.0/psych.rb:14 - cannot load such file -- 2.6/psych.so
Exception `LoadError' at /home/euikook/.rvm/rubies/ruby-2.6.0/lib/ruby/2.6.0/psych.rb:14 - cannot load such file -- 2.6/psych.so
Exception `NameError' at /home/euikook/.rvm/rubies/ruby-2.6.0/lib/ruby/2.6.0/psych/class_loader.rb:68 - uninitialized constant BigDecimal
Exception `NameError' at /home/euikook/.rvm/rubies/ruby-2.6.0/lib/ruby/2.6.0/psych/class_loader.rb:68 - uninitialized constant BigDecimal
Exception `LoadError' at /home/euikook/.rvm/gems/ruby-2.6.0/gems/github-linguist-7.11.1/lib/linguist/language.rb:4 - cannot load such file -- yajl
Exception `LoadError' at /home/euikook/.rvm/gems/ruby-2.6.0/gems/github-linguist-7.11.1/lib/linguist/samples.rb:2 - cannot load such file -- yajl
Exception `LoadError' at /home/euikook/.rvm/gems/ruby-2.6.0/gems/github-linguist-7.11.1/lib/linguist/language.rb:4 - cannot load such file -- yajl
Exception `LoadError' at /home/euikook/.rvm/gems/ruby-2.6.0/gems/github-linguist-7.11.1/lib/linguist/samples.rb:2 - cannot load such file -- yajl
Exception `LoadError' at /home/euikook/.rvm/gems/ruby-2.6.0/gems/github-markup-3.0.4/lib/github/markup/command_implementation.rb:2 - cannot load such file -- posix-spawn
Exception `LoadError' at /home/euikook/.rvm/gems/ruby-2.6.0/gems/nokogiri-1.10.10/lib/nokogiri.rb:30 - cannot load such file -- nokogiri/2.6/nokogiri
Exception `LoadError' at /home/euikook/.rvm/gems/ruby-2.6.0/gems/github-markup-3.0.4/lib/github/markup/command_implementation.rb:2 - cannot load such file -- posix-spawn
Exception `LoadError' at /home/euikook/.rvm/gems/ruby-2.6.0/gems/nokogiri-1.10.10/lib/nokogiri.rb:30 - cannot load such file -- nokogiri/2.6/nokogiri
Exception `LoadError' at /home/euikook/.rvm/gems/ruby-2.6.0/gems/gollum-lib-5.0.6/lib/gollum-lib/markup.rb:10 - cannot load such file -- pygments
Exception `LoadError' at /home/euikook/.rvm/gems/ruby-2.6.0/gems/gollum-lib-5.0.6/lib/gollum-lib/filter/bibtex.rb:2 - cannot load such file -- bibtex
Exception `LoadError' at /home/euikook/.rvm/gems/ruby-2.6.0/gems/concurrent-ruby-1.1.7/lib/concurrent-ruby/concurrent/utility/native_extension_loader.rb:62 - cannot load such file -- concurrent/concurrent_ruby_ext
Exception `LoadError' at /home/euikook/.rvm/gems/ruby-2.6.0/gems/concurrent-ruby-1.1.7/lib/concurrent-ruby/concurrent/utility/native_extension_loader.rb:62 - cannot load such file -- concurrent/2.6/concurrent_ruby_ext
Exception `LoadError' at /home/euikook/.rvm/gems/ruby-2.6.0/gems/gollum-lib-5.0.6/lib/gollum-lib/markup.rb:10 - cannot load such file -- pygments
Exception `LoadError' at /home/euikook/.rvm/gems/ruby-2.6.0/gems/gollum-lib-5.0.6/lib/gollum-lib/filter/bibtex.rb:2 - cannot load such file -- bibtex
Exception `SyntaxError' at /home/euikook/.rvm/rubies/ruby-2.6.0/lib/ruby/2.6.0/forwardable/impl.rb:4 - <compiled>: syntax error, unexpected end-of-input
Exception `SyntaxError' at /home/euikook/.rvm/rubies/ruby-2.6.0/lib/ruby/2.6.0/forwardable/impl.rb:4 - <compiled>: syntax error, unexpected end-of-input
Exception `SyntaxError' at /home/euikook/.rvm/rubies/ruby-2.6.0/lib/ruby/2.6.0/forwardable/impl.rb:4 - <compiled>: syntax error, unexpected end-of-input
Exception `SyntaxError' at /home/euikook/.rvm/rubies/ruby-2.6.0/lib/ruby/2.6.0/forwardable/impl.rb:4 - <compiled>: syntax error, unexpected end-of-input
Exception `SyntaxError' at /home/euikook/.rvm/rubies/ruby-2.6.0/lib/ruby/2.6.0/forwardable/impl.rb:4 - <compiled>: syntax error, unexpected end-of-input
Exception `SyntaxError' at /home/euikook/.rvm/rubies/ruby-2.6.0/lib/ruby/2.6.0/forwardable/impl.rb:4 - <compiled>: syntax error, unexpected end-of-input
Exception `SyntaxError' at /home/euikook/.rvm/rubies/ruby-2.6.0/lib/ruby/2.6.0/forwardable/impl.rb:4 - <compiled>: syntax error, unexpected end-of-input
Exception `SyntaxError' at /home/euikook/.rvm/rubies/ruby-2.6.0/lib/ruby/2.6.0/forwardable/impl.rb:4 - <compiled>: syntax error, unexpected end-of-input
Exception `SyntaxError' at /home/euikook/.rvm/rubies/ruby-2.6.0/lib/ruby/2.6.0/forwardable/impl.rb:4 - <compiled>: syntax error, unexpected end-of-input
Exception `SyntaxError' at /home/euikook/.rvm/rubies/ruby-2.6.0/lib/ruby/2.6.0/forwardable/impl.rb:4 - <compiled>: syntax error, unexpected end-of-input
Exception `LoadError' at /home/euikook/.rvm/gems/ruby-2.6.0/gems/concurrent-ruby-1.1.7/lib/concurrent-ruby/concurrent/utility/native_extension_loader.rb:62 - cannot load such file -- concurrent/concurrent_ruby_ext
Exception `LoadError' at /home/euikook/.rvm/gems/ruby-2.6.0/gems/concurrent-ruby-1.1.7/lib/concurrent-ruby/concurrent/utility/native_extension_loader.rb:62 - cannot load such file -- concurrent/2.6/concurrent_ruby_ext
Exception `SyntaxError' at /home/euikook/.rvm/rubies/ruby-2.6.0/lib/ruby/2.6.0/forwardable/impl.rb:4 - <compiled>: syntax error, unexpected end-of-input
Exception `SyntaxError' at /home/euikook/.rvm/rubies/ruby-2.6.0/lib/ruby/2.6.0/forwardable/impl.rb:4 - <compiled>: syntax error, unexpected end-of-input
Exception `LoadError' at /home/euikook/.rvm/gems/ruby-2.6.0/gems/rss-0.2.9/lib/rss/xmlparser.rb:3 - cannot load such file -- xml/parser
Exception `LoadError' at /home/euikook/.rvm/gems/ruby-2.6.0/gems/rss-0.2.9/lib/rss/xmlparser.rb:5 - cannot load such file -- xmlparser
Exception `LoadError' at /home/euikook/.rvm/gems/ruby-2.6.0/gems/rss-0.2.9/lib/rss/parser.rb:580 - cannot load such file -- xmlparser
Exception `LoadError' at /home/euikook/.rvm/gems/ruby-2.6.0/gems/rss-0.2.9/lib/rss/xmlscanner.rb:2 - cannot load such file -- xmlscan/scanner
Exception `LoadError' at /home/euikook/.rvm/gems/ruby-2.6.0/gems/rss-0.2.9/lib/rss/parser.rb:580 - cannot load such file -- xmlscan/scanner
Exception `SyntaxError' at /home/euikook/.rvm/rubies/ruby-2.6.0/lib/ruby/2.6.0/forwardable/impl.rb:4 - <compiled>: syntax error, unexpected end-of-input
Exception `SyntaxError' at /home/euikook/.rvm/rubies/ruby-2.6.0/lib/ruby/2.6.0/forwardable/impl.rb:4 - <compiled>: syntax error, unexpected end-of-input
Exception `SyntaxError' at /home/euikook/.rvm/rubies/ruby-2.6.0/lib/ruby/2.6.0/forwardable/impl.rb:4 - <compiled>: syntax error, unexpected end-of-input
Exception `SyntaxError' at /home/euikook/.rvm/rubies/ruby-2.6.0/lib/ruby/2.6.0/forwardable/impl.rb:4 - <compiled>: syntax error, unexpected end-of-input
Exception `SyntaxError' at /home/euikook/.rvm/rubies/ruby-2.6.0/lib/ruby/2.6.0/forwardable/impl.rb:4 - <compiled>: syntax error, unexpected end-of-input
Exception `SyntaxError' at /home/euikook/.rvm/rubies/ruby-2.6.0/lib/ruby/2.6.0/forwardable/impl.rb:4 - <compiled>: syntax error, unexpected end-of-input
Exception `SyntaxError' at /home/euikook/.rvm/rubies/ruby-2.6.0/lib/ruby/2.6.0/forwardable/impl.rb:4 - <compiled>: syntax error, unexpected end-of-input
Exception `SyntaxError' at /home/euikook/.rvm/rubies/ruby-2.6.0/lib/ruby/2.6.0/forwardable/impl.rb:4 - <compiled>: syntax error, unexpected end-of-input
Exception `SyntaxError' at /home/euikook/.rvm/rubies/ruby-2.6.0/lib/ruby/2.6.0/forwardable/impl.rb:4 - <compiled>: syntax error, unexpected end-of-input
Exception `SyntaxError' at /home/euikook/.rvm/rubies/ruby-2.6.0/lib/ruby/2.6.0/forwardable/impl.rb:4 - <compiled>: syntax error, unexpected end-of-input
Exception `SyntaxError' at /home/euikook/.rvm/rubies/ruby-2.6.0/lib/ruby/2.6.0/forwardable/impl.rb:4 - <compiled>: syntax error, unexpected end-of-input
Exception `SyntaxError' at /home/euikook/.rvm/rubies/ruby-2.6.0/lib/ruby/2.6.0/forwardable/impl.rb:4 - <compiled>: syntax error, unexpected end-of-input
Exception `LoadError' at /home/euikook/.rvm/gems/ruby-2.6.0/gems/rss-0.2.9/lib/rss/xmlparser.rb:3 - cannot load such file -- xml/parser
Exception `LoadError' at /home/euikook/.rvm/gems/ruby-2.6.0/gems/rss-0.2.9/lib/rss/xmlparser.rb:5 - cannot load such file -- xmlparser
Exception `LoadError' at /home/euikook/.rvm/gems/ruby-2.6.0/gems/rss-0.2.9/lib/rss/parser.rb:580 - cannot load such file -- xmlparser
Exception `LoadError' at /home/euikook/.rvm/gems/ruby-2.6.0/gems/rss-0.2.9/lib/rss/xmlscanner.rb:2 - cannot load such file -- xmlscan/scanner
Exception `LoadError' at /home/euikook/.rvm/gems/ruby-2.6.0/gems/rss-0.2.9/lib/rss/parser.rb:580 - cannot load such file -- xmlscan/scanner
Exception `LoadError' at /home/euikook/.rvm/gems/ruby-2.6.0/gems/jwt-2.2.2/lib/jwt/signature.rb:12 - cannot load such file -- rbnacl
Exception `SyntaxError' at /home/euikook/.rvm/rubies/ruby-2.6.0/lib/ruby/2.6.0/forwardable/impl.rb:4 - <compiled>: syntax error, unexpected end-of-input
Exception `SyntaxError' at /home/euikook/.rvm/rubies/ruby-2.6.0/lib/ruby/2.6.0/forwardable/impl.rb:4 - <compiled>: syntax error, unexpected end-of-input
Exception `SyntaxError' at /home/euikook/.rvm/rubies/ruby-2.6.0/lib/ruby/2.6.0/forwardable/impl.rb:4 - <compiled>: syntax error, unexpected end-of-input
Exception `SyntaxError' at /home/euikook/.rvm/rubies/ruby-2.6.0/lib/ruby/2.6.0/forwardable/impl.rb:4 - <compiled>: syntax error, unexpected end-of-input
Exception `SyntaxError' at /home/euikook/.rvm/rubies/ruby-2.6.0/lib/ruby/2.6.0/forwardable/impl.rb:4 - <compiled>: syntax error, unexpected end-of-input
Exception `SyntaxError' at /home/euikook/.rvm/rubies/ruby-2.6.0/lib/ruby/2.6.0/forwardable/impl.rb:4 - <compiled>: syntax error, unexpected end-of-input
Exception `SyntaxError' at /home/euikook/.rvm/rubies/ruby-2.6.0/lib/ruby/2.6.0/forwardable/impl.rb:4 - <compiled>: syntax error, unexpected end-of-input
I, [2020-10-22T15:27:17.741957 #24569]  INFO -- : worker=1 ready
Exception `LoadError' at /home/euikook/.rvm/gems/ruby-2.6.0/gems/jwt-2.2.2/lib/jwt/signature.rb:12 - cannot load such file -- rbnacl
Exception `SyntaxError' at /home/euikook/.rvm/rubies/ruby-2.6.0/lib/ruby/2.6.0/forwardable/impl.rb:4 - <compiled>: syntax error, unexpected end-of-input
Exception `SyntaxError' at /home/euikook/.rvm/rubies/ruby-2.6.0/lib/ruby/2.6.0/forwardable/impl.rb:4 - <compiled>: syntax error, unexpected end-of-input
Exception `SyntaxError' at /home/euikook/.rvm/rubies/ruby-2.6.0/lib/ruby/2.6.0/forwardable/impl.rb:4 - <compiled>: syntax error, unexpected end-of-input
Exception `SyntaxError' at /home/euikook/.rvm/rubies/ruby-2.6.0/lib/ruby/2.6.0/forwardable/impl.rb:4 - <compiled>: syntax error, unexpected end-of-input
Exception `SyntaxError' at /home/euikook/.rvm/rubies/ruby-2.6.0/lib/ruby/2.6.0/forwardable/impl.rb:4 - <compiled>: syntax error, unexpected end-of-input
Exception `SyntaxError' at /home/euikook/.rvm/rubies/ruby-2.6.0/lib/ruby/2.6.0/forwardable/impl.rb:4 - <compiled>: syntax error, unexpected end-of-input
Exception `SyntaxError' at /home/euikook/.rvm/rubies/ruby-2.6.0/lib/ruby/2.6.0/forwardable/impl.rb:4 - <compiled>: syntax error, unexpected end-of-input
I, [2020-10-22T15:27:17.869046 #24568]  INFO -- : worker=0 ready
I, [2020-10-22T15:40:07.728758 #24565]  INFO -- : reaped #<Process::Status: pid 24568 exit 0> worker=0
I, [2020-10-22T15:40:07.729139 #24565]  INFO -- : reaped #<Process::Status: pid 24569 exit 0> worker=1
Exception `Errno::ECHILD' at /home/euikook/.rvm/gems/ruby-2.6.0/gems/unicorn-5.7.0/lib/unicorn/http_server.rb:401 - No child processes
I, [2020-10-22T15:40:07.729488 #24565]  INFO -- : master complete
I, [2020-10-22T06:58:22.338713 #1]  INFO -- : unlinking existing socket=/gollum/run/unicorn.sock
I, [2020-10-22T06:58:22.338822 #1]  INFO -- : listening on addr=/gollum/run/unicorn.sock fd=7
I, [2020-10-22T06:58:22.338882 #1]  INFO -- : worker=0 spawning...
I, [2020-10-22T06:58:22.339436 #1]  INFO -- : worker=1 spawning...
I, [2020-10-22T06:58:22.339728 #6]  INFO -- : worker=0 spawned pid=6
I, [2020-10-22T06:58:22.339847 #6]  INFO -- : Refreshing Gem list
I, [2020-10-22T06:58:22.339955 #1]  INFO -- : master process ready
I, [2020-10-22T06:58:22.340244 #7]  INFO -- : worker=1 spawned pid=7
I, [2020-10-22T06:58:22.340362 #7]  INFO -- : Refreshing Gem list
I, [2020-10-22T06:58:27.396653 #6]  INFO -- : worker=0 ready
I, [2020-10-22T06:58:27.396677 #7]  INFO -- : worker=1 ready
I, [2020-10-23T02:09:18.070295 #1]  INFO -- : gracefully stopping all workers
I, [2020-10-23T02:09:18.241084 #1]  INFO -- : reaped #<Process::Status: pid 6 exit 0> worker=0
I, [2020-10-23T02:09:18.241231 #1]  INFO -- : reaped #<Process::Status: pid 7 exit 0> worker=1
I, [2020-10-23T03:24:07.738142 #1]  INFO -- : master complete
